

Processing Rails::InfoController#properties (for 127.0.0.1 at 2008-10-06 12:56:59) [GET]
  Session ID: 0b91e0e4b1c26a677af8eef75c566007
  Parameters: {"action"=>"properties", "controller"=>"rails/info"}
  [4;36;1mSQL (0.002475)[0m   [0;1m SELECT name
 FROM sqlite_master
 WHERE type = 'table' AND NOT name = 'sqlite_sequence'
[0m
Completed in 0.08328 (12 reqs/sec) | Rendering: 0.00170 (2%) | DB: 0.00248 (2%) | 200 OK [http://localhost/rails/info/properties]
  [4;36;1mSQL (0.001404)[0m   [0;1m SELECT name
 FROM sqlite_master
 WHERE type = 'table' AND NOT name = 'sqlite_sequence'
[0m
  [4;35;1mSQL (0.000273)[0m   [0mselect sqlite_version(*)[0m
  [4;36;1mSQL (0.003634)[0m   [0;1mCREATE TABLE "schema_migrations" ("version" varchar(255) NOT NULL) [0m
  [4;35;1mSQL (0.003230)[0m   [0mCREATE UNIQUE INDEX "unique_schema_migrations" ON "schema_migrations" ("version")[0m
  [4;36;1mSQL (0.000752)[0m   [0;1m SELECT name
 FROM sqlite_master
 WHERE type = 'table' AND NOT name = 'sqlite_sequence'
[0m
  [4;35;1mSQL (0.000205)[0m   [0mSELECT version FROM schema_migrations[0m
  [4;36;1mSQL (0.002055)[0m   [0;1m SELECT name
 FROM sqlite_master
 WHERE type = 'table' AND NOT name = 'sqlite_sequence'
[0m
  [4;35;1mSQL (0.000221)[0m   [0mselect sqlite_version(*)[0m
  [4;36;1mSQL (0.000211)[0m   [0;1m SELECT name
 FROM sqlite_master
 WHERE type = 'table' AND NOT name = 'sqlite_sequence'
[0m
  [4;35;1mSQL (0.000109)[0m   [0mSELECT version FROM schema_migrations[0m
  [4;36;1mSQL (0.000172)[0m   [0;1m SELECT name
 FROM sqlite_master
 WHERE type = 'table' AND NOT name = 'sqlite_sequence'
[0m
  [4;36;1mSQL (0.001895)[0m   [0;1m SELECT name
 FROM sqlite_master
 WHERE type = 'table' AND NOT name = 'sqlite_sequence'
[0m
  [4;35;1mSQL (0.000117)[0m   [0mSELECT version FROM "schema_migrations"[0m
  [4;36;1mSQL (0.003414)[0m   [0;1mINSERT INTO "schema_migrations" (version) VALUES ('0')[0m
  [4;36;1mSQL (0.001855)[0m   [0;1m SELECT name
 FROM sqlite_master
 WHERE type = 'table' AND NOT name = 'sqlite_sequence'
[0m
  [4;35;1mSQL (0.000177)[0m   [0mSELECT version FROM schema_migrations[0m
  [4;36;1mSQL (0.000227)[0m   [0;1m SELECT name
 FROM sqlite_master
 WHERE type = 'table' AND NOT name = 'sqlite_sequence'
[0m
  [4;35;1mSQL (0.000214)[0m   [0mselect sqlite_version(*)[0m
  [4;36;1mSQL (0.003704)[0m   [0;1mCREATE TABLE "schema_migrations" ("version" varchar(255) NOT NULL) [0m
  [4;35;1mSQL (0.002448)[0m   [0mCREATE UNIQUE INDEX "unique_schema_migrations" ON "schema_migrations" ("version")[0m
  [4;36;1mSQL (0.000413)[0m   [0;1m SELECT name
 FROM sqlite_master
 WHERE type = 'table' AND NOT name = 'sqlite_sequence'
[0m
  [4;35;1mSQL (0.000165)[0m   [0mSELECT version FROM "schema_migrations"[0m
  [4;36;1mSQL (0.004309)[0m   [0;1mINSERT INTO "schema_migrations" (version) VALUES ('0')[0m
  [4;36;1mSQL (0.002068)[0m   [0;1m SELECT name
 FROM sqlite_master
 WHERE type = 'table' AND NOT name = 'sqlite_sequence'
[0m
  [4;35;1mSQL (0.000212)[0m   [0mSELECT version FROM schema_migrations[0m
Migrating to CreateArticles (20081006200711)
  [4;36;1mSQL (0.000216)[0m   [0;1mselect sqlite_version(*)[0m
  [4;35;1mSQL (0.003844)[0m   [0mCREATE TABLE "articles" ("id" INTEGER PRIMARY KEY AUTOINCREMENT NOT NULL, "title" varchar(255), "body" text, "published" boolean, "created_at" datetime, "updated_at" datetime) [0m
  [4;36;1mSQL (0.002813)[0m   [0;1mINSERT INTO schema_migrations (version) VALUES ('20081006200711')[0m
  [4;35;1mSQL (0.000581)[0m   [0m SELECT name
 FROM sqlite_master
 WHERE type = 'table' AND NOT name = 'sqlite_sequence'
[0m
  [4;36;1mSQL (0.000351)[0m   [0;1mSELECT version FROM schema_migrations[0m
  [4;35;1mSQL (0.000347)[0m   [0m SELECT name
 FROM sqlite_master
 WHERE type = 'table' AND NOT name = 'sqlite_sequence'
[0m
  [4;36;1mSQL (0.000081)[0m   [0;1mPRAGMA index_list("articles")[0m
  [4;36;1mSQL (0.002044)[0m   [0;1m SELECT name
 FROM sqlite_master
 WHERE type = 'table' AND NOT name = 'sqlite_sequence'
[0m
  [4;35;1mSQL (0.000220)[0m   [0mSELECT version FROM schema_migrations[0m
  [4;36;1mSQL (0.000261)[0m   [0;1mselect sqlite_version(*)[0m
  [4;35;1mSQL (0.000215)[0m   [0m SELECT name
 FROM sqlite_master
 WHERE type = 'table' AND NOT name = 'sqlite_sequence'
[0m
  [4;36;1mSQL (0.004026)[0m   [0;1mCREATE TABLE "articles" ("id" INTEGER PRIMARY KEY AUTOINCREMENT NOT NULL, "title" varchar(255), "body" text, "published" boolean, "created_at" datetime, "updated_at" datetime) [0m
  [4;35;1mSQL (0.000540)[0m   [0m SELECT name
 FROM sqlite_master
 WHERE type = 'table' AND NOT name = 'sqlite_sequence'
[0m
  [4;36;1mSQL (0.002440)[0m   [0;1mCREATE TABLE "schema_migrations" ("version" varchar(255) NOT NULL) [0m
  [4;35;1mSQL (0.002676)[0m   [0mCREATE UNIQUE INDEX "unique_schema_migrations" ON "schema_migrations" ("version")[0m
  [4;36;1mSQL (0.000430)[0m   [0;1m SELECT name
 FROM sqlite_master
 WHERE type = 'table' AND NOT name = 'sqlite_sequence'
[0m
  [4;35;1mSQL (0.000165)[0m   [0mSELECT version FROM "schema_migrations"[0m
  [4;36;1mSQL (0.002740)[0m   [0;1mINSERT INTO "schema_migrations" (version) VALUES ('20081006200711')[0m
  [4;36;1mSQL (0.002003)[0m   [0;1m SELECT name
 FROM sqlite_master
 WHERE type = 'table' AND NOT name = 'sqlite_sequence'
[0m
  [4;35;1mSQL (0.000261)[0m   [0mSELECT version FROM schema_migrations[0m
  [4;36;1mSQL (0.000262)[0m   [0;1mselect sqlite_version(*)[0m
  [4;35;1mSQL (0.000209)[0m   [0m SELECT name
 FROM sqlite_master
 WHERE type = 'table' AND NOT name = 'sqlite_sequence'
[0m
  [4;36;1mSQL (0.003805)[0m   [0;1mCREATE TABLE "articles" ("id" INTEGER PRIMARY KEY AUTOINCREMENT NOT NULL, "title" varchar(255), "body" text, "published" boolean, "created_at" datetime, "updated_at" datetime) [0m
  [4;35;1mSQL (0.000585)[0m   [0m SELECT name
 FROM sqlite_master
 WHERE type = 'table' AND NOT name = 'sqlite_sequence'
[0m
  [4;36;1mSQL (0.002048)[0m   [0;1mCREATE TABLE "schema_migrations" ("version" varchar(255) NOT NULL) [0m
  [4;35;1mSQL (0.002596)[0m   [0mCREATE UNIQUE INDEX "unique_schema_migrations" ON "schema_migrations" ("version")[0m
  [4;36;1mSQL (0.000453)[0m   [0;1m SELECT name
 FROM sqlite_master
 WHERE type = 'table' AND NOT name = 'sqlite_sequence'
[0m
  [4;35;1mSQL (0.000192)[0m   [0mSELECT version FROM "schema_migrations"[0m
  [4;36;1mSQL (0.002522)[0m   [0;1mINSERT INTO "schema_migrations" (version) VALUES ('20081006200711')[0m
  [4;36;1mSQL (0.001961)[0m   [0;1m SELECT name
 FROM sqlite_master
 WHERE type = 'table' AND NOT name = 'sqlite_sequence'
[0m
  [4;35;1mSQL (0.000225)[0m   [0mSELECT version FROM schema_migrations[0m
  [4;36;1mSQL (0.000278)[0m   [0;1mselect sqlite_version(*)[0m
  [4;35;1mSQL (0.000212)[0m   [0m SELECT name
 FROM sqlite_master
 WHERE type = 'table' AND NOT name = 'sqlite_sequence'
[0m
  [4;36;1mSQL (0.003632)[0m   [0;1mCREATE TABLE "articles" ("id" INTEGER PRIMARY KEY AUTOINCREMENT NOT NULL, "title" varchar(255), "body" text, "published" boolean, "created_at" datetime, "updated_at" datetime) [0m
  [4;35;1mSQL (0.000463)[0m   [0m SELECT name
 FROM sqlite_master
 WHERE type = 'table' AND NOT name = 'sqlite_sequence'
[0m
  [4;36;1mSQL (0.002727)[0m   [0;1mCREATE TABLE "schema_migrations" ("version" varchar(255) NOT NULL) [0m
  [4;35;1mSQL (0.003312)[0m   [0mCREATE UNIQUE INDEX "unique_schema_migrations" ON "schema_migrations" ("version")[0m
  [4;36;1mSQL (0.000719)[0m   [0;1m SELECT name
 FROM sqlite_master
 WHERE type = 'table' AND NOT name = 'sqlite_sequence'
[0m
  [4;35;1mSQL (0.000194)[0m   [0mSELECT version FROM "schema_migrations"[0m
  [4;36;1mSQL (0.002952)[0m   [0;1mINSERT INTO "schema_migrations" (version) VALUES ('20081006200711')[0m

***** Debugger requested, but was not available: Start server with --debugger to enable *****
  [4;36;1mSQL (0.002351)[0m   [0;1m SELECT name
 FROM sqlite_master
 WHERE type = 'table' AND NOT name = 'sqlite_sequence'
[0m
  [4;35;1mSQL (0.000274)[0m   [0mSELECT version FROM schema_migrations[0m
  [4;36;1mSQL (0.000334)[0m   [0;1mselect sqlite_version(*)[0m
  [4;35;1mSQL (0.000229)[0m   [0m SELECT name
 FROM sqlite_master
 WHERE type = 'table' AND NOT name = 'sqlite_sequence'
[0m
  [4;36;1mSQL (0.003835)[0m   [0;1mCREATE TABLE "articles" ("id" INTEGER PRIMARY KEY AUTOINCREMENT NOT NULL, "title" varchar(255), "body" text, "published" boolean, "created_at" datetime, "updated_at" datetime) [0m
  [4;35;1mSQL (0.000571)[0m   [0m SELECT name
 FROM sqlite_master
 WHERE type = 'table' AND NOT name = 'sqlite_sequence'
[0m
  [4;36;1mSQL (0.002632)[0m   [0;1mCREATE TABLE "schema_migrations" ("version" varchar(255) NOT NULL) [0m
  [4;35;1mSQL (0.003046)[0m   [0mCREATE UNIQUE INDEX "unique_schema_migrations" ON "schema_migrations" ("version")[0m
  [4;36;1mSQL (0.000838)[0m   [0;1m SELECT name
 FROM sqlite_master
 WHERE type = 'table' AND NOT name = 'sqlite_sequence'
[0m
  [4;35;1mSQL (0.000217)[0m   [0mSELECT version FROM "schema_migrations"[0m
  [4;36;1mSQL (0.003698)[0m   [0;1mINSERT INTO "schema_migrations" (version) VALUES ('20081006200711')[0m
  [4;36;1mSQL (0.002221)[0m   [0;1m SELECT name
 FROM sqlite_master
 WHERE type = 'table' AND NOT name = 'sqlite_sequence'
[0m
  [4;35;1mSQL (0.000256)[0m   [0mSELECT version FROM schema_migrations[0m
  [4;36;1mSQL (0.000325)[0m   [0;1mselect sqlite_version(*)[0m
  [4;35;1mSQL (0.000228)[0m   [0m SELECT name
 FROM sqlite_master
 WHERE type = 'table' AND NOT name = 'sqlite_sequence'
[0m
  [4;36;1mSQL (0.003730)[0m   [0;1mCREATE TABLE "articles" ("id" INTEGER PRIMARY KEY AUTOINCREMENT NOT NULL, "title" varchar(255), "body" text, "published" boolean, "created_at" datetime, "updated_at" datetime) [0m
  [4;35;1mSQL (0.000665)[0m   [0m SELECT name
 FROM sqlite_master
 WHERE type = 'table' AND NOT name = 'sqlite_sequence'
[0m
  [4;36;1mSQL (0.002408)[0m   [0;1mCREATE TABLE "schema_migrations" ("version" varchar(255) NOT NULL) [0m
  [4;35;1mSQL (0.003196)[0m   [0mCREATE UNIQUE INDEX "unique_schema_migrations" ON "schema_migrations" ("version")[0m
  [4;36;1mSQL (0.000621)[0m   [0;1m SELECT name
 FROM sqlite_master
 WHERE type = 'table' AND NOT name = 'sqlite_sequence'
[0m
  [4;35;1mSQL (0.000185)[0m   [0mSELECT version FROM "schema_migrations"[0m
  [4;36;1mSQL (0.002847)[0m   [0;1mINSERT INTO "schema_migrations" (version) VALUES ('20081006200711')[0m
  [4;36;1mSQL (0.002264)[0m   [0;1m SELECT name
 FROM sqlite_master
 WHERE type = 'table' AND NOT name = 'sqlite_sequence'
[0m
  [4;35;1mSQL (0.000258)[0m   [0mSELECT version FROM schema_migrations[0m
  [4;36;1mSQL (0.000413)[0m   [0;1mselect sqlite_version(*)[0m
  [4;35;1mSQL (0.000242)[0m   [0m SELECT name
 FROM sqlite_master
 WHERE type = 'table' AND NOT name = 'sqlite_sequence'
[0m
  [4;36;1mSQL (0.004174)[0m   [0;1mCREATE TABLE "articles" ("id" INTEGER PRIMARY KEY AUTOINCREMENT NOT NULL, "title" varchar(255), "body" text, "published" boolean, "created_at" datetime, "updated_at" datetime) [0m
  [4;35;1mSQL (0.000587)[0m   [0m SELECT name
 FROM sqlite_master
 WHERE type = 'table' AND NOT name = 'sqlite_sequence'
[0m
  [4;36;1mSQL (0.002624)[0m   [0;1mCREATE TABLE "schema_migrations" ("version" varchar(255) NOT NULL) [0m
  [4;35;1mSQL (0.003178)[0m   [0mCREATE UNIQUE INDEX "unique_schema_migrations" ON "schema_migrations" ("version")[0m
  [4;36;1mSQL (0.000980)[0m   [0;1m SELECT name
 FROM sqlite_master
 WHERE type = 'table' AND NOT name = 'sqlite_sequence'
[0m
  [4;35;1mSQL (0.000308)[0m   [0mSELECT version FROM "schema_migrations"[0m
  [4;36;1mSQL (0.002868)[0m   [0;1mINSERT INTO "schema_migrations" (version) VALUES ('20081006200711')[0m
  [4;36;1mSQL (0.002064)[0m   [0;1m SELECT name
 FROM sqlite_master
 WHERE type = 'table' AND NOT name = 'sqlite_sequence'
[0m
  [4;35;1mSQL (0.000227)[0m   [0mSELECT version FROM schema_migrations[0m
  [4;36;1mSQL (0.000275)[0m   [0;1mselect sqlite_version(*)[0m
  [4;35;1mSQL (0.000207)[0m   [0m SELECT name
 FROM sqlite_master
 WHERE type = 'table' AND NOT name = 'sqlite_sequence'
[0m
  [4;36;1mSQL (0.003696)[0m   [0;1mCREATE TABLE "articles" ("id" INTEGER PRIMARY KEY AUTOINCREMENT NOT NULL, "title" varchar(255), "body" text, "published" boolean, "created_at" datetime, "updated_at" datetime) [0m
  [4;35;1mSQL (0.000572)[0m   [0m SELECT name
 FROM sqlite_master
 WHERE type = 'table' AND NOT name = 'sqlite_sequence'
[0m
  [4;36;1mSQL (0.002494)[0m   [0;1mCREATE TABLE "schema_migrations" ("version" varchar(255) NOT NULL) [0m
  [4;35;1mSQL (0.003231)[0m   [0mCREATE UNIQUE INDEX "unique_schema_migrations" ON "schema_migrations" ("version")[0m
  [4;36;1mSQL (0.000712)[0m   [0;1m SELECT name
 FROM sqlite_master
 WHERE type = 'table' AND NOT name = 'sqlite_sequence'
[0m
  [4;35;1mSQL (0.000193)[0m   [0mSELECT version FROM "schema_migrations"[0m
  [4;36;1mSQL (0.002920)[0m   [0;1mINSERT INTO "schema_migrations" (version) VALUES ('20081006200711')[0m
  [4;36;1mSQL (0.001944)[0m   [0;1m SELECT name
 FROM sqlite_master
 WHERE type = 'table' AND NOT name = 'sqlite_sequence'
[0m
  [4;35;1mSQL (0.000269)[0m   [0mSELECT version FROM schema_migrations[0m
  [4;36;1mSQL (0.000319)[0m   [0;1mselect sqlite_version(*)[0m
  [4;35;1mSQL (0.000212)[0m   [0m SELECT name
 FROM sqlite_master
 WHERE type = 'table' AND NOT name = 'sqlite_sequence'
[0m
  [4;36;1mSQL (0.003733)[0m   [0;1mCREATE TABLE "articles" ("id" INTEGER PRIMARY KEY AUTOINCREMENT NOT NULL, "title" varchar(255), "body" text, "published" boolean, "created_at" datetime, "updated_at" datetime) [0m
  [4;35;1mSQL (0.000543)[0m   [0m SELECT name
 FROM sqlite_master
 WHERE type = 'table' AND NOT name = 'sqlite_sequence'
[0m
  [4;36;1mSQL (0.002381)[0m   [0;1mCREATE TABLE "schema_migrations" ("version" varchar(255) NOT NULL) [0m
  [4;35;1mSQL (0.003045)[0m   [0mCREATE UNIQUE INDEX "unique_schema_migrations" ON "schema_migrations" ("version")[0m
  [4;36;1mSQL (0.000708)[0m   [0;1m SELECT name
 FROM sqlite_master
 WHERE type = 'table' AND NOT name = 'sqlite_sequence'
[0m
  [4;35;1mSQL (0.000191)[0m   [0mSELECT version FROM "schema_migrations"[0m
  [4;36;1mSQL (0.002244)[0m   [0;1mINSERT INTO "schema_migrations" (version) VALUES ('20081006200711')[0m
  [4;36;1mSQL (0.001965)[0m   [0;1m SELECT name
 FROM sqlite_master
 WHERE type = 'table' AND NOT name = 'sqlite_sequence'
[0m
  [4;35;1mSQL (0.000257)[0m   [0mSELECT version FROM schema_migrations[0m
  [4;36;1mSQL (0.000264)[0m   [0;1mselect sqlite_version(*)[0m
  [4;35;1mSQL (0.000208)[0m   [0m SELECT name
 FROM sqlite_master
 WHERE type = 'table' AND NOT name = 'sqlite_sequence'
[0m
  [4;36;1mSQL (0.004213)[0m   [0;1mCREATE TABLE "articles" ("id" INTEGER PRIMARY KEY AUTOINCREMENT NOT NULL, "title" varchar(255), "body" text, "published" boolean, "created_at" datetime, "updated_at" datetime) [0m
  [4;35;1mSQL (0.000536)[0m   [0m SELECT name
 FROM sqlite_master
 WHERE type = 'table' AND NOT name = 'sqlite_sequence'
[0m
  [4;36;1mSQL (0.002634)[0m   [0;1mCREATE TABLE "schema_migrations" ("version" varchar(255) NOT NULL) [0m
  [4;35;1mSQL (0.003692)[0m   [0mCREATE UNIQUE INDEX "unique_schema_migrations" ON "schema_migrations" ("version")[0m
  [4;36;1mSQL (0.000755)[0m   [0;1m SELECT name
 FROM sqlite_master
 WHERE type = 'table' AND NOT name = 'sqlite_sequence'
[0m
  [4;35;1mSQL (0.000191)[0m   [0mSELECT version FROM "schema_migrations"[0m
  [4;36;1mSQL (0.002809)[0m   [0;1mINSERT INTO "schema_migrations" (version) VALUES ('20081006200711')[0m
  [4;36;1mSQL (0.002057)[0m   [0;1m SELECT name
 FROM sqlite_master
 WHERE type = 'table' AND NOT name = 'sqlite_sequence'
[0m
  [4;35;1mSQL (0.000219)[0m   [0mSELECT version FROM schema_migrations[0m
  [4;36;1mSQL (0.000272)[0m   [0;1mselect sqlite_version(*)[0m
  [4;35;1mSQL (0.000222)[0m   [0m SELECT name
 FROM sqlite_master
 WHERE type = 'table' AND NOT name = 'sqlite_sequence'
[0m
  [4;36;1mSQL (0.003562)[0m   [0;1mCREATE TABLE "articles" ("id" INTEGER PRIMARY KEY AUTOINCREMENT NOT NULL, "title" varchar(255), "body" text, "published" boolean, "created_at" datetime, "updated_at" datetime) [0m
  [4;35;1mSQL (0.000551)[0m   [0m SELECT name
 FROM sqlite_master
 WHERE type = 'table' AND NOT name = 'sqlite_sequence'
[0m
  [4;36;1mSQL (0.002680)[0m   [0;1mCREATE TABLE "schema_migrations" ("version" varchar(255) NOT NULL) [0m
  [4;35;1mSQL (0.003339)[0m   [0mCREATE UNIQUE INDEX "unique_schema_migrations" ON "schema_migrations" ("version")[0m
  [4;36;1mSQL (0.000716)[0m   [0;1m SELECT name
 FROM sqlite_master
 WHERE type = 'table' AND NOT name = 'sqlite_sequence'
[0m
  [4;35;1mSQL (0.000228)[0m   [0mSELECT version FROM "schema_migrations"[0m
  [4;36;1mSQL (0.003319)[0m   [0;1mINSERT INTO "schema_migrations" (version) VALUES ('20081006200711')[0m
  [4;36;1mSQL (0.001944)[0m   [0;1m SELECT name
 FROM sqlite_master
 WHERE type = 'table' AND NOT name = 'sqlite_sequence'
[0m
  [4;35;1mSQL (0.000214)[0m   [0mSELECT version FROM schema_migrations[0m
  [4;36;1mSQL (0.000272)[0m   [0;1mselect sqlite_version(*)[0m
  [4;35;1mSQL (0.000207)[0m   [0m SELECT name
 FROM sqlite_master
 WHERE type = 'table' AND NOT name = 'sqlite_sequence'
[0m
  [4;36;1mSQL (0.003383)[0m   [0;1mCREATE TABLE "articles" ("id" INTEGER PRIMARY KEY AUTOINCREMENT NOT NULL, "title" varchar(255), "body" text, "published" boolean, "created_at" datetime, "updated_at" datetime) [0m
  [4;35;1mSQL (0.000388)[0m   [0m SELECT name
 FROM sqlite_master
 WHERE type = 'table' AND NOT name = 'sqlite_sequence'
[0m
  [4;36;1mSQL (0.002237)[0m   [0;1mCREATE TABLE "schema_migrations" ("version" varchar(255) NOT NULL) [0m
  [4;35;1mSQL (0.002893)[0m   [0mCREATE UNIQUE INDEX "unique_schema_migrations" ON "schema_migrations" ("version")[0m
  [4;36;1mSQL (0.000599)[0m   [0;1m SELECT name
 FROM sqlite_master
 WHERE type = 'table' AND NOT name = 'sqlite_sequence'
[0m
  [4;35;1mSQL (0.000191)[0m   [0mSELECT version FROM "schema_migrations"[0m
  [4;36;1mSQL (0.002856)[0m   [0;1mINSERT INTO "schema_migrations" (version) VALUES ('20081006200711')[0m
  [4;36;1mSQL (0.002046)[0m   [0;1m SELECT name
 FROM sqlite_master
 WHERE type = 'table' AND NOT name = 'sqlite_sequence'
[0m
  [4;35;1mSQL (0.000215)[0m   [0mSELECT version FROM schema_migrations[0m
  [4;36;1mSQL (0.000269)[0m   [0;1mselect sqlite_version(*)[0m
  [4;35;1mSQL (0.000241)[0m   [0m SELECT name
 FROM sqlite_master
 WHERE type = 'table' AND NOT name = 'sqlite_sequence'
[0m
  [4;36;1mSQL (0.003782)[0m   [0;1mCREATE TABLE "articles" ("id" INTEGER PRIMARY KEY AUTOINCREMENT NOT NULL, "title" varchar(255), "body" text, "published" boolean, "created_at" datetime, "updated_at" datetime) [0m
  [4;35;1mSQL (0.000561)[0m   [0m SELECT name
 FROM sqlite_master
 WHERE type = 'table' AND NOT name = 'sqlite_sequence'
[0m
  [4;36;1mSQL (0.002745)[0m   [0;1mCREATE TABLE "schema_migrations" ("version" varchar(255) NOT NULL) [0m
  [4;35;1mSQL (0.003466)[0m   [0mCREATE UNIQUE INDEX "unique_schema_migrations" ON "schema_migrations" ("version")[0m
  [4;36;1mSQL (0.000747)[0m   [0;1m SELECT name
 FROM sqlite_master
 WHERE type = 'table' AND NOT name = 'sqlite_sequence'
[0m
  [4;35;1mSQL (0.000205)[0m   [0mSELECT version FROM "schema_migrations"[0m
  [4;36;1mSQL (0.002985)[0m   [0;1mINSERT INTO "schema_migrations" (version) VALUES ('20081006200711')[0m
  [4;36;1mSQL (0.001926)[0m   [0;1m SELECT name
 FROM sqlite_master
 WHERE type = 'table' AND NOT name = 'sqlite_sequence'
[0m
  [4;35;1mSQL (0.000214)[0m   [0mSELECT version FROM schema_migrations[0m
  [4;36;1mSQL (0.000309)[0m   [0;1mselect sqlite_version(*)[0m
  [4;35;1mSQL (0.000222)[0m   [0m SELECT name
 FROM sqlite_master
 WHERE type = 'table' AND NOT name = 'sqlite_sequence'
[0m
  [4;36;1mSQL (0.003797)[0m   [0;1mCREATE TABLE "articles" ("id" INTEGER PRIMARY KEY AUTOINCREMENT NOT NULL, "title" varchar(255), "body" text, "published" boolean, "created_at" datetime, "updated_at" datetime) [0m
  [4;35;1mSQL (0.000435)[0m   [0m SELECT name
 FROM sqlite_master
 WHERE type = 'table' AND NOT name = 'sqlite_sequence'
[0m
  [4;36;1mSQL (0.002356)[0m   [0;1mCREATE TABLE "schema_migrations" ("version" varchar(255) NOT NULL) [0m
  [4;35;1mSQL (0.002966)[0m   [0mCREATE UNIQUE INDEX "unique_schema_migrations" ON "schema_migrations" ("version")[0m
  [4;36;1mSQL (0.000732)[0m   [0;1m SELECT name
 FROM sqlite_master
 WHERE type = 'table' AND NOT name = 'sqlite_sequence'
[0m
  [4;35;1mSQL (0.000196)[0m   [0mSELECT version FROM "schema_migrations"[0m
  [4;36;1mSQL (0.002317)[0m   [0;1mINSERT INTO "schema_migrations" (version) VALUES ('20081006200711')[0m
  [4;36;1mSQL (0.002005)[0m   [0;1m SELECT name
 FROM sqlite_master
 WHERE type = 'table' AND NOT name = 'sqlite_sequence'
[0m
  [4;35;1mSQL (0.000216)[0m   [0mSELECT version FROM schema_migrations[0m
  [4;36;1mSQL (0.000270)[0m   [0;1mselect sqlite_version(*)[0m
  [4;35;1mSQL (0.000208)[0m   [0m SELECT name
 FROM sqlite_master
 WHERE type = 'table' AND NOT name = 'sqlite_sequence'
[0m
  [4;36;1mSQL (0.003801)[0m   [0;1mCREATE TABLE "articles" ("id" INTEGER PRIMARY KEY AUTOINCREMENT NOT NULL, "title" varchar(255), "body" text, "published" boolean, "created_at" datetime, "updated_at" datetime) [0m
  [4;35;1mSQL (0.000560)[0m   [0m SELECT name
 FROM sqlite_master
 WHERE type = 'table' AND NOT name = 'sqlite_sequence'
[0m
  [4;36;1mSQL (0.002404)[0m   [0;1mCREATE TABLE "schema_migrations" ("version" varchar(255) NOT NULL) [0m
  [4;35;1mSQL (0.002878)[0m   [0mCREATE UNIQUE INDEX "unique_schema_migrations" ON "schema_migrations" ("version")[0m
  [4;36;1mSQL (0.000775)[0m   [0;1m SELECT name
 FROM sqlite_master
 WHERE type = 'table' AND NOT name = 'sqlite_sequence'
[0m
  [4;35;1mSQL (0.000255)[0m   [0mSELECT version FROM "schema_migrations"[0m
  [4;36;1mSQL (0.002782)[0m   [0;1mINSERT INTO "schema_migrations" (version) VALUES ('20081006200711')[0m
  [4;36;1mSQL (0.001928)[0m   [0;1m SELECT name
 FROM sqlite_master
 WHERE type = 'table' AND NOT name = 'sqlite_sequence'
[0m
  [4;35;1mSQL (0.000214)[0m   [0mSELECT version FROM schema_migrations[0m
  [4;36;1mSQL (0.000263)[0m   [0;1mselect sqlite_version(*)[0m
  [4;35;1mSQL (0.000207)[0m   [0m SELECT name
 FROM sqlite_master
 WHERE type = 'table' AND NOT name = 'sqlite_sequence'
[0m
  [4;36;1mSQL (0.100844)[0m   [0;1mCREATE TABLE "articles" ("id" INTEGER PRIMARY KEY AUTOINCREMENT NOT NULL, "title" varchar(255), "body" text, "published" boolean, "created_at" datetime, "updated_at" datetime) [0m
  [4;35;1mSQL (0.000520)[0m   [0m SELECT name
 FROM sqlite_master
 WHERE type = 'table' AND NOT name = 'sqlite_sequence'
[0m
  [4;36;1mSQL (0.002726)[0m   [0;1mCREATE TABLE "schema_migrations" ("version" varchar(255) NOT NULL) [0m
  [4;35;1mSQL (0.003439)[0m   [0mCREATE UNIQUE INDEX "unique_schema_migrations" ON "schema_migrations" ("version")[0m
  [4;36;1mSQL (0.000762)[0m   [0;1m SELECT name
 FROM sqlite_master
 WHERE type = 'table' AND NOT name = 'sqlite_sequence'
[0m
  [4;35;1mSQL (0.000269)[0m   [0mSELECT version FROM "schema_migrations"[0m
  [4;36;1mSQL (0.002643)[0m   [0;1mINSERT INTO "schema_migrations" (version) VALUES ('20081006200711')[0m
  [4;36;1mSQL (0.001985)[0m   [0;1m SELECT name
 FROM sqlite_master
 WHERE type = 'table' AND NOT name = 'sqlite_sequence'
[0m
  [4;35;1mSQL (0.000223)[0m   [0mSELECT version FROM schema_migrations[0m
  [4;36;1mSQL (0.000249)[0m   [0;1mselect sqlite_version(*)[0m
  [4;35;1mSQL (0.000205)[0m   [0m SELECT name
 FROM sqlite_master
 WHERE type = 'table' AND NOT name = 'sqlite_sequence'
[0m
  [4;36;1mSQL (0.003841)[0m   [0;1mCREATE TABLE "articles" ("id" INTEGER PRIMARY KEY AUTOINCREMENT NOT NULL, "title" varchar(255), "body" text, "published" boolean, "created_at" datetime, "updated_at" datetime) [0m
  [4;35;1mSQL (0.000559)[0m   [0m SELECT name
 FROM sqlite_master
 WHERE type = 'table' AND NOT name = 'sqlite_sequence'
[0m
  [4;36;1mSQL (0.002671)[0m   [0;1mCREATE TABLE "schema_migrations" ("version" varchar(255) NOT NULL) [0m
  [4;35;1mSQL (0.003551)[0m   [0mCREATE UNIQUE INDEX "unique_schema_migrations" ON "schema_migrations" ("version")[0m
  [4;36;1mSQL (0.000770)[0m   [0;1m SELECT name
 FROM sqlite_master
 WHERE type = 'table' AND NOT name = 'sqlite_sequence'
[0m
  [4;35;1mSQL (0.000199)[0m   [0mSELECT version FROM "schema_migrations"[0m
  [4;36;1mSQL (0.002851)[0m   [0;1mINSERT INTO "schema_migrations" (version) VALUES ('20081006200711')[0m
  [4;36;1mSQL (0.001989)[0m   [0;1m SELECT name
 FROM sqlite_master
 WHERE type = 'table' AND NOT name = 'sqlite_sequence'
[0m
  [4;35;1mSQL (0.000222)[0m   [0mSELECT version FROM schema_migrations[0m
  [4;36;1mSQL (0.000269)[0m   [0;1mselect sqlite_version(*)[0m
  [4;35;1mSQL (0.000208)[0m   [0m SELECT name
 FROM sqlite_master
 WHERE type = 'table' AND NOT name = 'sqlite_sequence'
[0m
  [4;36;1mSQL (0.003470)[0m   [0;1mCREATE TABLE "articles" ("id" INTEGER PRIMARY KEY AUTOINCREMENT NOT NULL, "title" varchar(255), "body" text, "published" boolean, "created_at" datetime, "updated_at" datetime) [0m
  [4;35;1mSQL (0.000403)[0m   [0m SELECT name
 FROM sqlite_master
 WHERE type = 'table' AND NOT name = 'sqlite_sequence'
[0m
  [4;36;1mSQL (0.002088)[0m   [0;1mCREATE TABLE "schema_migrations" ("version" varchar(255) NOT NULL) [0m
  [4;35;1mSQL (0.001631)[0m   [0mCREATE UNIQUE INDEX "unique_schema_migrations" ON "schema_migrations" ("version")[0m
  [4;36;1mSQL (0.000281)[0m   [0;1m SELECT name
 FROM sqlite_master
 WHERE type = 'table' AND NOT name = 'sqlite_sequence'
[0m
  [4;35;1mSQL (0.000119)[0m   [0mSELECT version FROM "schema_migrations"[0m
  [4;36;1mSQL (0.001702)[0m   [0;1mINSERT INTO "schema_migrations" (version) VALUES ('20081006200711')[0m
  [4;36;1mSQL (0.001966)[0m   [0;1m SELECT name
 FROM sqlite_master
 WHERE type = 'table' AND NOT name = 'sqlite_sequence'
[0m
  [4;35;1mSQL (0.000215)[0m   [0mSELECT version FROM schema_migrations[0m
  [4;36;1mSQL (0.000664)[0m   [0;1mselect sqlite_version(*)[0m
  [4;35;1mSQL (0.000229)[0m   [0m SELECT name
 FROM sqlite_master
 WHERE type = 'table' AND NOT name = 'sqlite_sequence'
[0m
  [4;36;1mSQL (0.003980)[0m   [0;1mCREATE TABLE "articles" ("id" INTEGER PRIMARY KEY AUTOINCREMENT NOT NULL, "title" varchar(255), "body" text, "published" boolean, "created_at" datetime, "updated_at" datetime) [0m
  [4;35;1mSQL (0.000442)[0m   [0m SELECT name
 FROM sqlite_master
 WHERE type = 'table' AND NOT name = 'sqlite_sequence'
[0m
  [4;36;1mSQL (0.001710)[0m   [0;1mCREATE TABLE "schema_migrations" ("version" varchar(255) NOT NULL) [0m
  [4;35;1mSQL (0.001915)[0m   [0mCREATE UNIQUE INDEX "unique_schema_migrations" ON "schema_migrations" ("version")[0m
  [4;36;1mSQL (0.000265)[0m   [0;1m SELECT name
 FROM sqlite_master
 WHERE type = 'table' AND NOT name = 'sqlite_sequence'
[0m
  [4;35;1mSQL (0.000103)[0m   [0mSELECT version FROM "schema_migrations"[0m
  [4;36;1mSQL (0.002345)[0m   [0;1mINSERT INTO "schema_migrations" (version) VALUES ('20081006200711')[0m
  [4;36;1mSQL (0.002202)[0m   [0;1m SELECT name
 FROM sqlite_master
 WHERE type = 'table' AND NOT name = 'sqlite_sequence'
[0m
  [4;35;1mSQL (0.000218)[0m   [0mSELECT version FROM schema_migrations[0m
  [4;36;1mSQL (0.000273)[0m   [0;1mselect sqlite_version(*)[0m
  [4;35;1mSQL (0.000207)[0m   [0m SELECT name
 FROM sqlite_master
 WHERE type = 'table' AND NOT name = 'sqlite_sequence'
[0m
  [4;36;1mSQL (0.003484)[0m   [0;1mCREATE TABLE "articles" ("id" INTEGER PRIMARY KEY AUTOINCREMENT NOT NULL, "title" varchar(255), "body" text, "published" boolean, "created_at" datetime, "updated_at" datetime) [0m
  [4;35;1mSQL (0.000657)[0m   [0m SELECT name
 FROM sqlite_master
 WHERE type = 'table' AND NOT name = 'sqlite_sequence'
[0m
  [4;36;1mSQL (0.002480)[0m   [0;1mCREATE TABLE "schema_migrations" ("version" varchar(255) NOT NULL) [0m
  [4;35;1mSQL (0.002860)[0m   [0mCREATE UNIQUE INDEX "unique_schema_migrations" ON "schema_migrations" ("version")[0m
  [4;36;1mSQL (0.000680)[0m   [0;1m SELECT name
 FROM sqlite_master
 WHERE type = 'table' AND NOT name = 'sqlite_sequence'
[0m
  [4;35;1mSQL (0.000243)[0m   [0mSELECT version FROM "schema_migrations"[0m
  [4;36;1mSQL (0.002782)[0m   [0;1mINSERT INTO "schema_migrations" (version) VALUES ('20081006200711')[0m
  [4;36;1mSQL (0.002040)[0m   [0;1m SELECT name
 FROM sqlite_master
 WHERE type = 'table' AND NOT name = 'sqlite_sequence'
[0m
  [4;35;1mSQL (0.000231)[0m   [0mSELECT version FROM schema_migrations[0m
  [4;36;1mSQL (0.000277)[0m   [0;1mselect sqlite_version(*)[0m
  [4;35;1mSQL (0.000230)[0m   [0m SELECT name
 FROM sqlite_master
 WHERE type = 'table' AND NOT name = 'sqlite_sequence'
[0m
  [4;36;1mSQL (0.002959)[0m   [0;1mCREATE TABLE "articles" ("id" INTEGER PRIMARY KEY AUTOINCREMENT NOT NULL, "title" varchar(255), "body" text, "published" boolean, "created_at" datetime, "updated_at" datetime) [0m
  [4;35;1mSQL (0.000251)[0m   [0m SELECT name
 FROM sqlite_master
 WHERE type = 'table' AND NOT name = 'sqlite_sequence'
[0m
  [4;36;1mSQL (0.001276)[0m   [0;1mCREATE TABLE "schema_migrations" ("version" varchar(255) NOT NULL) [0m
  [4;35;1mSQL (0.001552)[0m   [0mCREATE UNIQUE INDEX "unique_schema_migrations" ON "schema_migrations" ("version")[0m
  [4;36;1mSQL (0.000278)[0m   [0;1m SELECT name
 FROM sqlite_master
 WHERE type = 'table' AND NOT name = 'sqlite_sequence'
[0m
  [4;35;1mSQL (0.000115)[0m   [0mSELECT version FROM "schema_migrations"[0m
  [4;36;1mSQL (0.002175)[0m   [0;1mINSERT INTO "schema_migrations" (version) VALUES ('20081006200711')[0m
  [4;36;1mSQL (0.001992)[0m   [0;1m SELECT name
 FROM sqlite_master
 WHERE type = 'table' AND NOT name = 'sqlite_sequence'
[0m
  [4;35;1mSQL (0.000217)[0m   [0mSELECT version FROM schema_migrations[0m
  [4;36;1mSQL (0.000282)[0m   [0;1mselect sqlite_version(*)[0m
  [4;35;1mSQL (0.000222)[0m   [0m SELECT name
 FROM sqlite_master
 WHERE type = 'table' AND NOT name = 'sqlite_sequence'
[0m
  [4;36;1mSQL (0.003759)[0m   [0;1mCREATE TABLE "articles" ("id" INTEGER PRIMARY KEY AUTOINCREMENT NOT NULL, "title" varchar(255), "body" text, "published" boolean, "created_at" datetime, "updated_at" datetime) [0m
  [4;35;1mSQL (0.000700)[0m   [0m SELECT name
 FROM sqlite_master
 WHERE type = 'table' AND NOT name = 'sqlite_sequence'
[0m
  [4;36;1mSQL (0.002677)[0m   [0;1mCREATE TABLE "schema_migrations" ("version" varchar(255) NOT NULL) [0m
  [4;35;1mSQL (0.003506)[0m   [0mCREATE UNIQUE INDEX "unique_schema_migrations" ON "schema_migrations" ("version")[0m
  [4;36;1mSQL (0.000760)[0m   [0;1m SELECT name
 FROM sqlite_master
 WHERE type = 'table' AND NOT name = 'sqlite_sequence'
[0m
  [4;35;1mSQL (0.000249)[0m   [0mSELECT version FROM "schema_migrations"[0m
  [4;36;1mSQL (0.003387)[0m   [0;1mINSERT INTO "schema_migrations" (version) VALUES ('20081006200711')[0m
  [4;36;1mSQL (0.002048)[0m   [0;1m SELECT name
 FROM sqlite_master
 WHERE type = 'table' AND NOT name = 'sqlite_sequence'
[0m
  [4;35;1mSQL (0.000215)[0m   [0mSELECT version FROM schema_migrations[0m
  [4;36;1mSQL (0.000643)[0m   [0;1mselect sqlite_version(*)[0m
  [4;35;1mSQL (0.000222)[0m   [0m SELECT name
 FROM sqlite_master
 WHERE type = 'table' AND NOT name = 'sqlite_sequence'
[0m
  [4;36;1mSQL (0.003791)[0m   [0;1mCREATE TABLE "articles" ("id" INTEGER PRIMARY KEY AUTOINCREMENT NOT NULL, "title" varchar(255), "body" text, "published" boolean, "created_at" datetime, "updated_at" datetime) [0m
  [4;35;1mSQL (0.000589)[0m   [0m SELECT name
 FROM sqlite_master
 WHERE type = 'table' AND NOT name = 'sqlite_sequence'
[0m
  [4;36;1mSQL (0.002004)[0m   [0;1mCREATE TABLE "schema_migrations" ("version" varchar(255) NOT NULL) [0m
  [4;35;1mSQL (0.002189)[0m   [0mCREATE UNIQUE INDEX "unique_schema_migrations" ON "schema_migrations" ("version")[0m
  [4;36;1mSQL (0.000415)[0m   [0;1m SELECT name
 FROM sqlite_master
 WHERE type = 'table' AND NOT name = 'sqlite_sequence'
[0m
  [4;35;1mSQL (0.000108)[0m   [0mSELECT version FROM "schema_migrations"[0m
  [4;36;1mSQL (0.002026)[0m   [0;1mINSERT INTO "schema_migrations" (version) VALUES ('20081006200711')[0m
  [4;36;1mSQL (0.001948)[0m   [0;1m SELECT name
 FROM sqlite_master
 WHERE type = 'table' AND NOT name = 'sqlite_sequence'
[0m
  [4;35;1mSQL (0.000262)[0m   [0mSELECT version FROM schema_migrations[0m
  [4;36;1mSQL (0.000322)[0m   [0;1mselect sqlite_version(*)[0m
  [4;35;1mSQL (0.000211)[0m   [0m SELECT name
 FROM sqlite_master
 WHERE type = 'table' AND NOT name = 'sqlite_sequence'
[0m
  [4;36;1mSQL (0.003543)[0m   [0;1mCREATE TABLE "articles" ("id" INTEGER PRIMARY KEY AUTOINCREMENT NOT NULL, "title" varchar(255), "body" text, "published" boolean, "created_at" datetime, "updated_at" datetime) [0m
  [4;35;1mSQL (0.000582)[0m   [0m SELECT name
 FROM sqlite_master
 WHERE type = 'table' AND NOT name = 'sqlite_sequence'
[0m
  [4;36;1mSQL (0.002685)[0m   [0;1mCREATE TABLE "schema_migrations" ("version" varchar(255) NOT NULL) [0m
  [4;35;1mSQL (0.003256)[0m   [0mCREATE UNIQUE INDEX "unique_schema_migrations" ON "schema_migrations" ("version")[0m
  [4;36;1mSQL (0.000716)[0m   [0;1m SELECT name
 FROM sqlite_master
 WHERE type = 'table' AND NOT name = 'sqlite_sequence'
[0m
  [4;35;1mSQL (0.000190)[0m   [0mSELECT version FROM "schema_migrations"[0m
  [4;36;1mSQL (0.002810)[0m   [0;1mINSERT INTO "schema_migrations" (version) VALUES ('20081006200711')[0m
  [4;36;1mSQL (0.001966)[0m   [0;1m SELECT name
 FROM sqlite_master
 WHERE type = 'table' AND NOT name = 'sqlite_sequence'
[0m
  [4;35;1mSQL (0.000227)[0m   [0mSELECT version FROM schema_migrations[0m
  [4;36;1mSQL (0.000263)[0m   [0;1mselect sqlite_version(*)[0m
  [4;35;1mSQL (0.000230)[0m   [0m SELECT name
 FROM sqlite_master
 WHERE type = 'table' AND NOT name = 'sqlite_sequence'
[0m
  [4;36;1mSQL (0.003125)[0m   [0;1mCREATE TABLE "articles" ("id" INTEGER PRIMARY KEY AUTOINCREMENT NOT NULL, "title" varchar(255), "body" text, "published" boolean, "created_at" datetime, "updated_at" datetime) [0m
  [4;35;1mSQL (0.000423)[0m   [0m SELECT name
 FROM sqlite_master
 WHERE type = 'table' AND NOT name = 'sqlite_sequence'
[0m
  [4;36;1mSQL (0.001628)[0m   [0;1mCREATE TABLE "schema_migrations" ("version" varchar(255) NOT NULL) [0m
  [4;35;1mSQL (0.001740)[0m   [0mCREATE UNIQUE INDEX "unique_schema_migrations" ON "schema_migrations" ("version")[0m
  [4;36;1mSQL (0.000259)[0m   [0;1m SELECT name
 FROM sqlite_master
 WHERE type = 'table' AND NOT name = 'sqlite_sequence'
[0m
  [4;35;1mSQL (0.000110)[0m   [0mSELECT version FROM "schema_migrations"[0m
  [4;36;1mSQL (0.001997)[0m   [0;1mINSERT INTO "schema_migrations" (version) VALUES ('20081006200711')[0m
  [4;36;1mSQL (0.002159)[0m   [0;1m SELECT name
 FROM sqlite_master
 WHERE type = 'table' AND NOT name = 'sqlite_sequence'
[0m
  [4;35;1mSQL (0.000217)[0m   [0mSELECT version FROM schema_migrations[0m
  [4;36;1mSQL (0.000272)[0m   [0;1mselect sqlite_version(*)[0m
  [4;35;1mSQL (0.000214)[0m   [0m SELECT name
 FROM sqlite_master
 WHERE type = 'table' AND NOT name = 'sqlite_sequence'
[0m
  [4;36;1mSQL (0.003119)[0m   [0;1mCREATE TABLE "articles" ("id" INTEGER PRIMARY KEY AUTOINCREMENT NOT NULL, "title" varchar(255), "body" text, "published" boolean, "created_at" datetime, "updated_at" datetime) [0m
  [4;35;1mSQL (0.000243)[0m   [0m SELECT name
 FROM sqlite_master
 WHERE type = 'table' AND NOT name = 'sqlite_sequence'
[0m
  [4;36;1mSQL (0.001800)[0m   [0;1mCREATE TABLE "schema_migrations" ("version" varchar(255) NOT NULL) [0m
  [4;35;1mSQL (0.002375)[0m   [0mCREATE UNIQUE INDEX "unique_schema_migrations" ON "schema_migrations" ("version")[0m
  [4;36;1mSQL (0.000839)[0m   [0;1m SELECT name
 FROM sqlite_master
 WHERE type = 'table' AND NOT name = 'sqlite_sequence'
[0m
  [4;35;1mSQL (0.000214)[0m   [0mSELECT version FROM "schema_migrations"[0m
  [4;36;1mSQL (0.002477)[0m   [0;1mINSERT INTO "schema_migrations" (version) VALUES ('20081006200711')[0m
  [4;36;1mSQL (0.001941)[0m   [0;1m SELECT name
 FROM sqlite_master
 WHERE type = 'table' AND NOT name = 'sqlite_sequence'
[0m
  [4;35;1mSQL (0.000217)[0m   [0mSELECT version FROM schema_migrations[0m
  [4;36;1mSQL (0.000263)[0m   [0;1mselect sqlite_version(*)[0m
  [4;35;1mSQL (0.000207)[0m   [0m SELECT name
 FROM sqlite_master
 WHERE type = 'table' AND NOT name = 'sqlite_sequence'
[0m
  [4;36;1mSQL (0.004163)[0m   [0;1mCREATE TABLE "articles" ("id" INTEGER PRIMARY KEY AUTOINCREMENT NOT NULL, "title" varchar(255), "body" text, "published" boolean, "created_at" datetime, "updated_at" datetime) [0m
  [4;35;1mSQL (0.000541)[0m   [0m SELECT name
 FROM sqlite_master
 WHERE type = 'table' AND NOT name = 'sqlite_sequence'
[0m
  [4;36;1mSQL (0.002765)[0m   [0;1mCREATE TABLE "schema_migrations" ("version" varchar(255) NOT NULL) [0m
  [4;35;1mSQL (0.003620)[0m   [0mCREATE UNIQUE INDEX "unique_schema_migrations" ON "schema_migrations" ("version")[0m
  [4;36;1mSQL (0.000811)[0m   [0;1m SELECT name
 FROM sqlite_master
 WHERE type = 'table' AND NOT name = 'sqlite_sequence'
[0m
  [4;35;1mSQL (0.000192)[0m   [0mSELECT version FROM "schema_migrations"[0m
  [4;36;1mSQL (0.002845)[0m   [0;1mINSERT INTO "schema_migrations" (version) VALUES ('20081006200711')[0m
  [4;36;1mSQL (0.002004)[0m   [0;1m SELECT name
 FROM sqlite_master
 WHERE type = 'table' AND NOT name = 'sqlite_sequence'
[0m
  [4;35;1mSQL (0.000236)[0m   [0mSELECT version FROM schema_migrations[0m
  [4;36;1mSQL (0.000274)[0m   [0;1mselect sqlite_version(*)[0m
  [4;35;1mSQL (0.000232)[0m   [0m SELECT name
 FROM sqlite_master
 WHERE type = 'table' AND NOT name = 'sqlite_sequence'
[0m
  [4;36;1mSQL (0.003632)[0m   [0;1mCREATE TABLE "articles" ("id" INTEGER PRIMARY KEY AUTOINCREMENT NOT NULL, "title" varchar(255), "body" text, "published" boolean, "created_at" datetime, "updated_at" datetime) [0m
  [4;35;1mSQL (0.000418)[0m   [0m SELECT name
 FROM sqlite_master
 WHERE type = 'table' AND NOT name = 'sqlite_sequence'
[0m
  [4;36;1mSQL (0.001966)[0m   [0;1mCREATE TABLE "schema_migrations" ("version" varchar(255) NOT NULL) [0m
  [4;35;1mSQL (0.002599)[0m   [0mCREATE UNIQUE INDEX "unique_schema_migrations" ON "schema_migrations" ("version")[0m
  [4;36;1mSQL (0.000726)[0m   [0;1m SELECT name
 FROM sqlite_master
 WHERE type = 'table' AND NOT name = 'sqlite_sequence'
[0m
  [4;35;1mSQL (0.000190)[0m   [0mSELECT version FROM "schema_migrations"[0m
  [4;36;1mSQL (0.002679)[0m   [0;1mINSERT INTO "schema_migrations" (version) VALUES ('20081006200711')[0m
  [4;36;1mSQL (0.001996)[0m   [0;1m SELECT name
 FROM sqlite_master
 WHERE type = 'table' AND NOT name = 'sqlite_sequence'
[0m
  [4;35;1mSQL (0.000215)[0m   [0mSELECT version FROM schema_migrations[0m
  [4;36;1mSQL (0.000264)[0m   [0;1mselect sqlite_version(*)[0m
  [4;35;1mSQL (0.000207)[0m   [0m SELECT name
 FROM sqlite_master
 WHERE type = 'table' AND NOT name = 'sqlite_sequence'
[0m
  [4;36;1mSQL (0.003312)[0m   [0;1mCREATE TABLE "articles" ("id" INTEGER PRIMARY KEY AUTOINCREMENT NOT NULL, "title" varchar(255), "body" text, "published" boolean, "created_at" datetime, "updated_at" datetime) [0m
  [4;35;1mSQL (0.000567)[0m   [0m SELECT name
 FROM sqlite_master
 WHERE type = 'table' AND NOT name = 'sqlite_sequence'
[0m
  [4;36;1mSQL (0.002189)[0m   [0;1mCREATE TABLE "schema_migrations" ("version" varchar(255) NOT NULL) [0m
  [4;35;1mSQL (0.003754)[0m   [0mCREATE UNIQUE INDEX "unique_schema_migrations" ON "schema_migrations" ("version")[0m
  [4;36;1mSQL (0.000471)[0m   [0;1m SELECT name
 FROM sqlite_master
 WHERE type = 'table' AND NOT name = 'sqlite_sequence'
[0m
  [4;35;1mSQL (0.000172)[0m   [0mSELECT version FROM "schema_migrations"[0m
  [4;36;1mSQL (0.002039)[0m   [0;1mINSERT INTO "schema_migrations" (version) VALUES ('20081006200711')[0m
  [4;36;1mSQL (0.001942)[0m   [0;1m SELECT name
 FROM sqlite_master
 WHERE type = 'table' AND NOT name = 'sqlite_sequence'
[0m
  [4;35;1mSQL (0.000215)[0m   [0mSELECT version FROM schema_migrations[0m
  [4;36;1mSQL (0.000271)[0m   [0;1mselect sqlite_version(*)[0m
  [4;35;1mSQL (0.000230)[0m   [0m SELECT name
 FROM sqlite_master
 WHERE type = 'table' AND NOT name = 'sqlite_sequence'
[0m
  [4;36;1mSQL (0.003599)[0m   [0;1mCREATE TABLE "articles" ("id" INTEGER PRIMARY KEY AUTOINCREMENT NOT NULL, "title" varchar(255), "body" text, "published" boolean, "created_at" datetime, "updated_at" datetime) [0m
  [4;35;1mSQL (0.000343)[0m   [0m SELECT name
 FROM sqlite_master
 WHERE type = 'table' AND NOT name = 'sqlite_sequence'
[0m
  [4;36;1mSQL (0.002308)[0m   [0;1mCREATE TABLE "schema_migrations" ("version" varchar(255) NOT NULL) [0m
  [4;35;1mSQL (0.002668)[0m   [0mCREATE UNIQUE INDEX "unique_schema_migrations" ON "schema_migrations" ("version")[0m
  [4;36;1mSQL (0.000463)[0m   [0;1m SELECT name
 FROM sqlite_master
 WHERE type = 'table' AND NOT name = 'sqlite_sequence'
[0m
  [4;35;1mSQL (0.000165)[0m   [0mSELECT version FROM "schema_migrations"[0m
  [4;36;1mSQL (0.002644)[0m   [0;1mINSERT INTO "schema_migrations" (version) VALUES ('20081006200711')[0m
  [4;36;1mSQL (0.002237)[0m   [0;1m SELECT name
 FROM sqlite_master
 WHERE type = 'table' AND NOT name = 'sqlite_sequence'
[0m
  [4;35;1mSQL (0.000234)[0m   [0mSELECT version FROM schema_migrations[0m
  [4;36;1mSQL (0.000334)[0m   [0;1mselect sqlite_version(*)[0m
  [4;35;1mSQL (0.000218)[0m   [0m SELECT name
 FROM sqlite_master
 WHERE type = 'table' AND NOT name = 'sqlite_sequence'
[0m
  [4;36;1mSQL (0.002731)[0m   [0;1mCREATE TABLE "articles" ("id" INTEGER PRIMARY KEY AUTOINCREMENT NOT NULL, "title" varchar(255), "body" text, "published" boolean, "created_at" datetime, "updated_at" datetime) [0m
  [4;35;1mSQL (0.000239)[0m   [0m SELECT name
 FROM sqlite_master
 WHERE type = 'table' AND NOT name = 'sqlite_sequence'
[0m
  [4;36;1mSQL (0.002365)[0m   [0;1mCREATE TABLE "schema_migrations" ("version" varchar(255) NOT NULL) [0m
  [4;35;1mSQL (0.003530)[0m   [0mCREATE UNIQUE INDEX "unique_schema_migrations" ON "schema_migrations" ("version")[0m
  [4;36;1mSQL (0.000642)[0m   [0;1m SELECT name
 FROM sqlite_master
 WHERE type = 'table' AND NOT name = 'sqlite_sequence'
[0m
  [4;35;1mSQL (0.000218)[0m   [0mSELECT version FROM "schema_migrations"[0m
  [4;36;1mSQL (0.003083)[0m   [0;1mINSERT INTO "schema_migrations" (version) VALUES ('20081006200711')[0m
  [4;36;1mSQL (0.002237)[0m   [0;1m SELECT name
 FROM sqlite_master
 WHERE type = 'table' AND NOT name = 'sqlite_sequence'
[0m
  [4;35;1mSQL (0.000244)[0m   [0mSELECT version FROM schema_migrations[0m
  [4;36;1mSQL (0.000309)[0m   [0;1mselect sqlite_version(*)[0m
  [4;35;1mSQL (0.000246)[0m   [0m SELECT name
 FROM sqlite_master
 WHERE type = 'table' AND NOT name = 'sqlite_sequence'
[0m
  [4;36;1mSQL (0.004358)[0m   [0;1mCREATE TABLE "articles" ("id" INTEGER PRIMARY KEY AUTOINCREMENT NOT NULL, "title" varchar(255), "body" text, "published" boolean, "created_at" datetime, "updated_at" datetime) [0m
  [4;35;1mSQL (0.000299)[0m   [0m SELECT name
 FROM sqlite_master
 WHERE type = 'table' AND NOT name = 'sqlite_sequence'
[0m
  [4;36;1mSQL (0.001562)[0m   [0;1mCREATE TABLE "schema_migrations" ("version" varchar(255) NOT NULL) [0m
  [4;35;1mSQL (0.001804)[0m   [0mCREATE UNIQUE INDEX "unique_schema_migrations" ON "schema_migrations" ("version")[0m
  [4;36;1mSQL (0.000344)[0m   [0;1m SELECT name
 FROM sqlite_master
 WHERE type = 'table' AND NOT name = 'sqlite_sequence'
[0m
  [4;35;1mSQL (0.000130)[0m   [0mSELECT version FROM "schema_migrations"[0m
  [4;36;1mSQL (0.001845)[0m   [0;1mINSERT INTO "schema_migrations" (version) VALUES ('20081006200711')[0m
  [4;36;1mSQL (0.002020)[0m   [0;1m SELECT name
 FROM sqlite_master
 WHERE type = 'table' AND NOT name = 'sqlite_sequence'
[0m
  [4;35;1mSQL (0.000215)[0m   [0mSELECT version FROM schema_migrations[0m
  [4;36;1mSQL (0.000269)[0m   [0;1mselect sqlite_version(*)[0m
  [4;35;1mSQL (0.000209)[0m   [0m SELECT name
 FROM sqlite_master
 WHERE type = 'table' AND NOT name = 'sqlite_sequence'
[0m
  [4;36;1mSQL (0.003767)[0m   [0;1mCREATE TABLE "articles" ("id" INTEGER PRIMARY KEY AUTOINCREMENT NOT NULL, "title" varchar(255), "body" text, "published" boolean, "created_at" datetime, "updated_at" datetime) [0m
  [4;35;1mSQL (0.000570)[0m   [0m SELECT name
 FROM sqlite_master
 WHERE type = 'table' AND NOT name = 'sqlite_sequence'
[0m
  [4;36;1mSQL (0.002273)[0m   [0;1mCREATE TABLE "schema_migrations" ("version" varchar(255) NOT NULL) [0m
  [4;35;1mSQL (0.002941)[0m   [0mCREATE UNIQUE INDEX "unique_schema_migrations" ON "schema_migrations" ("version")[0m
  [4;36;1mSQL (0.000731)[0m   [0;1m SELECT name
 FROM sqlite_master
 WHERE type = 'table' AND NOT name = 'sqlite_sequence'
[0m
  [4;35;1mSQL (0.000190)[0m   [0mSELECT version FROM "schema_migrations"[0m
  [4;36;1mSQL (0.002561)[0m   [0;1mINSERT INTO "schema_migrations" (version) VALUES ('20081006200711')[0m
  [4;36;1mSQL (0.001936)[0m   [0;1m SELECT name
 FROM sqlite_master
 WHERE type = 'table' AND NOT name = 'sqlite_sequence'
[0m
  [4;35;1mSQL (0.000216)[0m   [0mSELECT version FROM schema_migrations[0m
  [4;36;1mSQL (0.000382)[0m   [0;1mselect sqlite_version(*)[0m
  [4;35;1mSQL (0.000290)[0m   [0m SELECT name
 FROM sqlite_master
 WHERE type = 'table' AND NOT name = 'sqlite_sequence'
[0m
  [4;36;1mSQL (0.003208)[0m   [0;1mCREATE TABLE "articles" ("id" INTEGER PRIMARY KEY AUTOINCREMENT NOT NULL, "title" varchar(255), "body" text, "published" boolean, "created_at" datetime, "updated_at" datetime) [0m
  [4;35;1mSQL (0.000329)[0m   [0m SELECT name
 FROM sqlite_master
 WHERE type = 'table' AND NOT name = 'sqlite_sequence'
[0m
  [4;36;1mSQL (0.002172)[0m   [0;1mCREATE TABLE "schema_migrations" ("version" varchar(255) NOT NULL) [0m
  [4;35;1mSQL (0.002530)[0m   [0mCREATE UNIQUE INDEX "unique_schema_migrations" ON "schema_migrations" ("version")[0m
  [4;36;1mSQL (0.000388)[0m   [0;1m SELECT name
 FROM sqlite_master
 WHERE type = 'table' AND NOT name = 'sqlite_sequence'
[0m
  [4;35;1mSQL (0.000136)[0m   [0mSELECT version FROM "schema_migrations"[0m
  [4;36;1mSQL (0.001830)[0m   [0;1mINSERT INTO "schema_migrations" (version) VALUES ('20081006200711')[0m
  [4;36;1mSQL (0.001936)[0m   [0;1m SELECT name
 FROM sqlite_master
 WHERE type = 'table' AND NOT name = 'sqlite_sequence'
[0m
  [4;35;1mSQL (0.000217)[0m   [0mSELECT version FROM schema_migrations[0m
  [4;36;1mSQL (0.000437)[0m   [0;1mselect sqlite_version(*)[0m
  [4;35;1mSQL (0.000286)[0m   [0m SELECT name
 FROM sqlite_master
 WHERE type = 'table' AND NOT name = 'sqlite_sequence'
[0m
  [4;36;1mSQL (0.003706)[0m   [0;1mCREATE TABLE "articles" ("id" INTEGER PRIMARY KEY AUTOINCREMENT NOT NULL, "title" varchar(255), "body" text, "published" boolean, "created_at" datetime, "updated_at" datetime) [0m
  [4;35;1mSQL (0.000515)[0m   [0m SELECT name
 FROM sqlite_master
 WHERE type = 'table' AND NOT name = 'sqlite_sequence'
[0m
  [4;36;1mSQL (0.002138)[0m   [0;1mCREATE TABLE "schema_migrations" ("version" varchar(255) NOT NULL) [0m
  [4;35;1mSQL (0.002848)[0m   [0mCREATE UNIQUE INDEX "unique_schema_migrations" ON "schema_migrations" ("version")[0m
  [4;36;1mSQL (0.000720)[0m   [0;1m SELECT name
 FROM sqlite_master
 WHERE type = 'table' AND NOT name = 'sqlite_sequence'
[0m
  [4;35;1mSQL (0.000190)[0m   [0mSELECT version FROM "schema_migrations"[0m
  [4;36;1mSQL (0.002543)[0m   [0;1mINSERT INTO "schema_migrations" (version) VALUES ('20081006200711')[0m
  [4;36;1mSQL (0.001970)[0m   [0;1m SELECT name
 FROM sqlite_master
 WHERE type = 'table' AND NOT name = 'sqlite_sequence'
[0m
  [4;35;1mSQL (0.000217)[0m   [0mSELECT version FROM schema_migrations[0m
  [4;36;1mSQL (0.000294)[0m   [0;1mselect sqlite_version(*)[0m
  [4;35;1mSQL (0.000239)[0m   [0m SELECT name
 FROM sqlite_master
 WHERE type = 'table' AND NOT name = 'sqlite_sequence'
[0m
  [4;36;1mSQL (0.003322)[0m   [0;1mCREATE TABLE "articles" ("id" INTEGER PRIMARY KEY AUTOINCREMENT NOT NULL, "title" varchar(255), "body" text, "published" boolean, "created_at" datetime, "updated_at" datetime) [0m
  [4;35;1mSQL (0.000253)[0m   [0m SELECT name
 FROM sqlite_master
 WHERE type = 'table' AND NOT name = 'sqlite_sequence'
[0m
  [4;36;1mSQL (0.002076)[0m   [0;1mCREATE TABLE "schema_migrations" ("version" varchar(255) NOT NULL) [0m
  [4;35;1mSQL (0.002089)[0m   [0mCREATE UNIQUE INDEX "unique_schema_migrations" ON "schema_migrations" ("version")[0m
  [4;36;1mSQL (0.000277)[0m   [0;1m SELECT name
 FROM sqlite_master
 WHERE type = 'table' AND NOT name = 'sqlite_sequence'
[0m
  [4;35;1mSQL (0.000112)[0m   [0mSELECT version FROM "schema_migrations"[0m
  [4;36;1mSQL (0.002588)[0m   [0;1mINSERT INTO "schema_migrations" (version) VALUES ('20081006200711')[0m
  [4;36;1mSQL (0.001975)[0m   [0;1m SELECT name
 FROM sqlite_master
 WHERE type = 'table' AND NOT name = 'sqlite_sequence'
[0m
  [4;35;1mSQL (0.000289)[0m   [0mSELECT version FROM schema_migrations[0m
  [4;36;1mSQL (0.000265)[0m   [0;1mselect sqlite_version(*)[0m
  [4;35;1mSQL (0.000214)[0m   [0m SELECT name
 FROM sqlite_master
 WHERE type = 'table' AND NOT name = 'sqlite_sequence'
[0m
  [4;36;1mSQL (0.003478)[0m   [0;1mCREATE TABLE "articles" ("id" INTEGER PRIMARY KEY AUTOINCREMENT NOT NULL, "title" varchar(255), "body" text, "published" boolean, "created_at" datetime, "updated_at" datetime) [0m
  [4;35;1mSQL (0.000436)[0m   [0m SELECT name
 FROM sqlite_master
 WHERE type = 'table' AND NOT name = 'sqlite_sequence'
[0m
  [4;36;1mSQL (0.002579)[0m   [0;1mCREATE TABLE "schema_migrations" ("version" varchar(255) NOT NULL) [0m
  [4;35;1mSQL (0.003291)[0m   [0mCREATE UNIQUE INDEX "unique_schema_migrations" ON "schema_migrations" ("version")[0m
  [4;36;1mSQL (0.000749)[0m   [0;1m SELECT name
 FROM sqlite_master
 WHERE type = 'table' AND NOT name = 'sqlite_sequence'
[0m
  [4;35;1mSQL (0.000196)[0m   [0mSELECT version FROM "schema_migrations"[0m
  [4;36;1mSQL (0.002647)[0m   [0;1mINSERT INTO "schema_migrations" (version) VALUES ('20081006200711')[0m
  [4;36;1mSQL (0.001931)[0m   [0;1m SELECT name
 FROM sqlite_master
 WHERE type = 'table' AND NOT name = 'sqlite_sequence'
[0m
  [4;35;1mSQL (0.000225)[0m   [0mSELECT version FROM schema_migrations[0m
  [4;36;1mSQL (0.000269)[0m   [0;1mselect sqlite_version(*)[0m
  [4;35;1mSQL (0.000221)[0m   [0m SELECT name
 FROM sqlite_master
 WHERE type = 'table' AND NOT name = 'sqlite_sequence'
[0m
  [4;36;1mSQL (0.003072)[0m   [0;1mCREATE TABLE "articles" ("id" INTEGER PRIMARY KEY AUTOINCREMENT NOT NULL, "title" varchar(255), "body" text, "published" boolean, "created_at" datetime, "updated_at" datetime) [0m
  [4;35;1mSQL (0.000288)[0m   [0m SELECT name
 FROM sqlite_master
 WHERE type = 'table' AND NOT name = 'sqlite_sequence'
[0m
  [4;36;1mSQL (0.001651)[0m   [0;1mCREATE TABLE "schema_migrations" ("version" varchar(255) NOT NULL) [0m
  [4;35;1mSQL (0.002174)[0m   [0mCREATE UNIQUE INDEX "unique_schema_migrations" ON "schema_migrations" ("version")[0m
  [4;36;1mSQL (0.000444)[0m   [0;1m SELECT name
 FROM sqlite_master
 WHERE type = 'table' AND NOT name = 'sqlite_sequence'
[0m
  [4;35;1mSQL (0.000204)[0m   [0mSELECT version FROM "schema_migrations"[0m
  [4;36;1mSQL (0.002662)[0m   [0;1mINSERT INTO "schema_migrations" (version) VALUES ('20081006200711')[0m
  [4;36;1mSQL (0.002016)[0m   [0;1m SELECT name
 FROM sqlite_master
 WHERE type = 'table' AND NOT name = 'sqlite_sequence'
[0m
  [4;35;1mSQL (0.000215)[0m   [0mSELECT version FROM schema_migrations[0m
  [4;36;1mSQL (0.000261)[0m   [0;1mselect sqlite_version(*)[0m
  [4;35;1mSQL (0.000205)[0m   [0m SELECT name
 FROM sqlite_master
 WHERE type = 'table' AND NOT name = 'sqlite_sequence'
[0m
  [4;36;1mSQL (0.003775)[0m   [0;1mCREATE TABLE "articles" ("id" INTEGER PRIMARY KEY AUTOINCREMENT NOT NULL, "title" varchar(255), "body" text, "published" boolean, "created_at" datetime, "updated_at" datetime) [0m
  [4;35;1mSQL (0.000733)[0m   [0m SELECT name
 FROM sqlite_master
 WHERE type = 'table' AND NOT name = 'sqlite_sequence'
[0m
  [4;36;1mSQL (0.002454)[0m   [0;1mCREATE TABLE "schema_migrations" ("version" varchar(255) NOT NULL) [0m
  [4;35;1mSQL (0.002342)[0m   [0mCREATE UNIQUE INDEX "unique_schema_migrations" ON "schema_migrations" ("version")[0m
  [4;36;1mSQL (0.000686)[0m   [0;1m SELECT name
 FROM sqlite_master
 WHERE type = 'table' AND NOT name = 'sqlite_sequence'
[0m
  [4;35;1mSQL (0.000188)[0m   [0mSELECT version FROM "schema_migrations"[0m
  [4;36;1mSQL (0.002706)[0m   [0;1mINSERT INTO "schema_migrations" (version) VALUES ('20081006200711')[0m
  [4;36;1mSQL (0.001942)[0m   [0;1m SELECT name
 FROM sqlite_master
 WHERE type = 'table' AND NOT name = 'sqlite_sequence'
[0m
  [4;35;1mSQL (0.000214)[0m   [0mSELECT version FROM schema_migrations[0m
  [4;36;1mSQL (0.000265)[0m   [0;1mselect sqlite_version(*)[0m
  [4;35;1mSQL (0.000208)[0m   [0m SELECT name
 FROM sqlite_master
 WHERE type = 'table' AND NOT name = 'sqlite_sequence'
[0m
  [4;36;1mSQL (0.003481)[0m   [0;1mCREATE TABLE "articles" ("id" INTEGER PRIMARY KEY AUTOINCREMENT NOT NULL, "title" varchar(255), "body" text, "published" boolean, "created_at" datetime, "updated_at" datetime) [0m
  [4;35;1mSQL (0.000412)[0m   [0m SELECT name
 FROM sqlite_master
 WHERE type = 'table' AND NOT name = 'sqlite_sequence'
[0m
  [4;36;1mSQL (0.002489)[0m   [0;1mCREATE TABLE "schema_migrations" ("version" varchar(255) NOT NULL) [0m
  [4;35;1mSQL (0.003042)[0m   [0mCREATE UNIQUE INDEX "unique_schema_migrations" ON "schema_migrations" ("version")[0m
  [4;36;1mSQL (0.000473)[0m   [0;1m SELECT name
 FROM sqlite_master
 WHERE type = 'table' AND NOT name = 'sqlite_sequence'
[0m
  [4;35;1mSQL (0.000162)[0m   [0mSELECT version FROM "schema_migrations"[0m
  [4;36;1mSQL (0.003042)[0m   [0;1mINSERT INTO "schema_migrations" (version) VALUES ('20081006200711')[0m
  [4;36;1mSQL (0.003337)[0m   [0;1m SELECT name
 FROM sqlite_master
 WHERE type = 'table' AND NOT name = 'sqlite_sequence'
[0m
  [4;35;1mSQL (0.000232)[0m   [0mSELECT version FROM schema_migrations[0m
  [4;36;1mSQL (0.000291)[0m   [0;1mselect sqlite_version(*)[0m
  [4;35;1mSQL (0.000238)[0m   [0m SELECT name
 FROM sqlite_master
 WHERE type = 'table' AND NOT name = 'sqlite_sequence'
[0m
  [4;36;1mSQL (0.002320)[0m   [0;1mCREATE TABLE "articles" ("id" INTEGER PRIMARY KEY AUTOINCREMENT NOT NULL, "title" varchar(255), "body" text, "published" boolean, "created_at" datetime, "updated_at" datetime) [0m
  [4;35;1mSQL (0.000218)[0m   [0m SELECT name
 FROM sqlite_master
 WHERE type = 'table' AND NOT name = 'sqlite_sequence'
[0m
  [4;36;1mSQL (0.001717)[0m   [0;1mCREATE TABLE "schema_migrations" ("version" varchar(255) NOT NULL) [0m
  [4;35;1mSQL (0.002063)[0m   [0mCREATE UNIQUE INDEX "unique_schema_migrations" ON "schema_migrations" ("version")[0m
  [4;36;1mSQL (0.000267)[0m   [0;1m SELECT name
 FROM sqlite_master
 WHERE type = 'table' AND NOT name = 'sqlite_sequence'
[0m
  [4;35;1mSQL (0.000104)[0m   [0mSELECT version FROM "schema_migrations"[0m
  [4;36;1mSQL (0.001908)[0m   [0;1mINSERT INTO "schema_migrations" (version) VALUES ('20081006200711')[0m
  [4;36;1mSQL (0.001936)[0m   [0;1m SELECT name
 FROM sqlite_master
 WHERE type = 'table' AND NOT name = 'sqlite_sequence'
[0m
  [4;35;1mSQL (0.000215)[0m   [0mSELECT version FROM schema_migrations[0m
  [4;36;1mSQL (0.000293)[0m   [0;1mselect sqlite_version(*)[0m
  [4;35;1mSQL (0.000279)[0m   [0m SELECT name
 FROM sqlite_master
 WHERE type = 'table' AND NOT name = 'sqlite_sequence'
[0m
  [4;36;1mSQL (0.003721)[0m   [0;1mCREATE TABLE "articles" ("id" INTEGER PRIMARY KEY AUTOINCREMENT NOT NULL, "title" varchar(255), "body" text, "published" boolean, "created_at" datetime, "updated_at" datetime) [0m
  [4;35;1mSQL (0.000542)[0m   [0m SELECT name
 FROM sqlite_master
 WHERE type = 'table' AND NOT name = 'sqlite_sequence'
[0m
  [4;36;1mSQL (0.002781)[0m   [0;1mCREATE TABLE "schema_migrations" ("version" varchar(255) NOT NULL) [0m
  [4;35;1mSQL (0.003426)[0m   [0mCREATE UNIQUE INDEX "unique_schema_migrations" ON "schema_migrations" ("version")[0m
  [4;36;1mSQL (0.000883)[0m   [0;1m SELECT name
 FROM sqlite_master
 WHERE type = 'table' AND NOT name = 'sqlite_sequence'
[0m
  [4;35;1mSQL (0.000194)[0m   [0mSELECT version FROM "schema_migrations"[0m
  [4;36;1mSQL (0.002392)[0m   [0;1mINSERT INTO "schema_migrations" (version) VALUES ('20081006200711')[0m
  [4;36;1mSQL (0.002010)[0m   [0;1m SELECT name
 FROM sqlite_master
 WHERE type = 'table' AND NOT name = 'sqlite_sequence'
[0m
  [4;35;1mSQL (0.000216)[0m   [0mSELECT version FROM schema_migrations[0m
  [4;36;1mSQL (0.000273)[0m   [0;1mselect sqlite_version(*)[0m
  [4;35;1mSQL (0.000475)[0m   [0m SELECT name
 FROM sqlite_master
 WHERE type = 'table' AND NOT name = 'sqlite_sequence'
[0m
  [4;36;1mSQL (0.003811)[0m   [0;1mCREATE TABLE "articles" ("id" INTEGER PRIMARY KEY AUTOINCREMENT NOT NULL, "title" varchar(255), "body" text, "published" boolean, "created_at" datetime, "updated_at" datetime) [0m
  [4;35;1mSQL (0.000442)[0m   [0m SELECT name
 FROM sqlite_master
 WHERE type = 'table' AND NOT name = 'sqlite_sequence'
[0m
  [4;36;1mSQL (0.002113)[0m   [0;1mCREATE TABLE "schema_migrations" ("version" varchar(255) NOT NULL) [0m
  [4;35;1mSQL (0.002490)[0m   [0mCREATE UNIQUE INDEX "unique_schema_migrations" ON "schema_migrations" ("version")[0m
  [4;36;1mSQL (0.000489)[0m   [0;1m SELECT name
 FROM sqlite_master
 WHERE type = 'table' AND NOT name = 'sqlite_sequence'
[0m
  [4;35;1mSQL (0.000163)[0m   [0mSELECT version FROM "schema_migrations"[0m
  [4;36;1mSQL (0.002624)[0m   [0;1mINSERT INTO "schema_migrations" (version) VALUES ('20081006200711')[0m
  [4;36;1mSQL (0.001934)[0m   [0;1m SELECT name
 FROM sqlite_master
 WHERE type = 'table' AND NOT name = 'sqlite_sequence'
[0m
  [4;35;1mSQL (0.000215)[0m   [0mSELECT version FROM schema_migrations[0m
  [4;36;1mSQL (0.000289)[0m   [0;1mselect sqlite_version(*)[0m
  [4;35;1mSQL (0.000229)[0m   [0m SELECT name
 FROM sqlite_master
 WHERE type = 'table' AND NOT name = 'sqlite_sequence'
[0m
  [4;36;1mSQL (0.004199)[0m   [0;1mCREATE TABLE "articles" ("id" INTEGER PRIMARY KEY AUTOINCREMENT NOT NULL, "title" varchar(255), "body" text, "published" boolean, "created_at" datetime, "updated_at" datetime) [0m
  [4;35;1mSQL (0.000559)[0m   [0m SELECT name
 FROM sqlite_master
 WHERE type = 'table' AND NOT name = 'sqlite_sequence'
[0m
  [4;36;1mSQL (0.002672)[0m   [0;1mCREATE TABLE "schema_migrations" ("version" varchar(255) NOT NULL) [0m
  [4;35;1mSQL (0.003639)[0m   [0mCREATE UNIQUE INDEX "unique_schema_migrations" ON "schema_migrations" ("version")[0m
  [4;36;1mSQL (0.000743)[0m   [0;1m SELECT name
 FROM sqlite_master
 WHERE type = 'table' AND NOT name = 'sqlite_sequence'
[0m
  [4;35;1mSQL (0.000191)[0m   [0mSELECT version FROM "schema_migrations"[0m
  [4;36;1mSQL (0.002534)[0m   [0;1mINSERT INTO "schema_migrations" (version) VALUES ('20081006200711')[0m
  [4;36;1mSQL (0.001988)[0m   [0;1m SELECT name
 FROM sqlite_master
 WHERE type = 'table' AND NOT name = 'sqlite_sequence'
[0m
  [4;35;1mSQL (0.000218)[0m   [0mSELECT version FROM schema_migrations[0m
  [4;36;1mSQL (0.000535)[0m   [0;1mselect sqlite_version(*)[0m
  [4;35;1mSQL (0.000236)[0m   [0m SELECT name
 FROM sqlite_master
 WHERE type = 'table' AND NOT name = 'sqlite_sequence'
[0m
  [4;36;1mSQL (0.003717)[0m   [0;1mCREATE TABLE "articles" ("id" INTEGER PRIMARY KEY AUTOINCREMENT NOT NULL, "title" varchar(255), "body" text, "published" boolean, "created_at" datetime, "updated_at" datetime) [0m
  [4;35;1mSQL (0.000562)[0m   [0m SELECT name
 FROM sqlite_master
 WHERE type = 'table' AND NOT name = 'sqlite_sequence'
[0m
  [4;36;1mSQL (0.002803)[0m   [0;1mCREATE TABLE "schema_migrations" ("version" varchar(255) NOT NULL) [0m
  [4;35;1mSQL (0.003954)[0m   [0mCREATE UNIQUE INDEX "unique_schema_migrations" ON "schema_migrations" ("version")[0m
  [4;36;1mSQL (0.000743)[0m   [0;1m SELECT name
 FROM sqlite_master
 WHERE type = 'table' AND NOT name = 'sqlite_sequence'
[0m
  [4;35;1mSQL (0.000183)[0m   [0mSELECT version FROM "schema_migrations"[0m
  [4;36;1mSQL (0.002347)[0m   [0;1mINSERT INTO "schema_migrations" (version) VALUES ('20081006200711')[0m
  [4;36;1mSQL (0.002037)[0m   [0;1m SELECT name
 FROM sqlite_master
 WHERE type = 'table' AND NOT name = 'sqlite_sequence'
[0m
  [4;35;1mSQL (0.000220)[0m   [0mSELECT version FROM schema_migrations[0m
  [4;36;1mSQL (0.000255)[0m   [0;1mselect sqlite_version(*)[0m
  [4;35;1mSQL (0.000253)[0m   [0m SELECT name
 FROM sqlite_master
 WHERE type = 'table' AND NOT name = 'sqlite_sequence'
[0m
  [4;36;1mSQL (0.003660)[0m   [0;1mCREATE TABLE "articles" ("id" INTEGER PRIMARY KEY AUTOINCREMENT NOT NULL, "title" varchar(255), "body" text, "published" boolean, "created_at" datetime, "updated_at" datetime) [0m
  [4;35;1mSQL (0.000573)[0m   [0m SELECT name
 FROM sqlite_master
 WHERE type = 'table' AND NOT name = 'sqlite_sequence'
[0m
  [4;36;1mSQL (0.002312)[0m   [0;1mCREATE TABLE "schema_migrations" ("version" varchar(255) NOT NULL) [0m
  [4;35;1mSQL (0.003142)[0m   [0mCREATE UNIQUE INDEX "unique_schema_migrations" ON "schema_migrations" ("version")[0m
  [4;36;1mSQL (0.000781)[0m   [0;1m SELECT name
 FROM sqlite_master
 WHERE type = 'table' AND NOT name = 'sqlite_sequence'
[0m
  [4;35;1mSQL (0.000299)[0m   [0mSELECT version FROM "schema_migrations"[0m
  [4;36;1mSQL (0.002889)[0m   [0;1mINSERT INTO "schema_migrations" (version) VALUES ('20081006200711')[0m
  [4;36;1mSQL (0.002004)[0m   [0;1m SELECT name
 FROM sqlite_master
 WHERE type = 'table' AND NOT name = 'sqlite_sequence'
[0m
  [4;35;1mSQL (0.000218)[0m   [0mSELECT version FROM schema_migrations[0m
  [4;36;1mSQL (0.000275)[0m   [0;1mselect sqlite_version(*)[0m
  [4;35;1mSQL (0.000209)[0m   [0m SELECT name
 FROM sqlite_master
 WHERE type = 'table' AND NOT name = 'sqlite_sequence'
[0m
  [4;36;1mSQL (0.003596)[0m   [0;1mCREATE TABLE "articles" ("id" INTEGER PRIMARY KEY AUTOINCREMENT NOT NULL, "title" varchar(255), "body" text, "published" boolean, "created_at" datetime, "updated_at" datetime) [0m
  [4;35;1mSQL (0.000447)[0m   [0m SELECT name
 FROM sqlite_master
 WHERE type = 'table' AND NOT name = 'sqlite_sequence'
[0m
  [4;36;1mSQL (0.001854)[0m   [0;1mCREATE TABLE "schema_migrations" ("version" varchar(255) NOT NULL) [0m
  [4;35;1mSQL (0.001880)[0m   [0mCREATE UNIQUE INDEX "unique_schema_migrations" ON "schema_migrations" ("version")[0m
  [4;36;1mSQL (0.000737)[0m   [0;1m SELECT name
 FROM sqlite_master
 WHERE type = 'table' AND NOT name = 'sqlite_sequence'
[0m
  [4;35;1mSQL (0.000169)[0m   [0mSELECT version FROM "schema_migrations"[0m
  [4;36;1mSQL (0.001812)[0m   [0;1mINSERT INTO "schema_migrations" (version) VALUES ('20081006200711')[0m
  [4;36;1mSQL (0.002237)[0m   [0;1m SELECT name
 FROM sqlite_master
 WHERE type = 'table' AND NOT name = 'sqlite_sequence'
[0m
  [4;35;1mSQL (0.000267)[0m   [0mSELECT version FROM schema_migrations[0m
  [4;36;1mSQL (0.000321)[0m   [0;1mselect sqlite_version(*)[0m
  [4;35;1mSQL (0.000500)[0m   [0m SELECT name
 FROM sqlite_master
 WHERE type = 'table' AND NOT name = 'sqlite_sequence'
[0m
  [4;36;1mSQL (0.002961)[0m   [0;1mCREATE TABLE "articles" ("id" INTEGER PRIMARY KEY AUTOINCREMENT NOT NULL, "title" varchar(255), "body" text, "published" boolean, "created_at" datetime, "updated_at" datetime) [0m
  [4;35;1mSQL (0.000429)[0m   [0m SELECT name
 FROM sqlite_master
 WHERE type = 'table' AND NOT name = 'sqlite_sequence'
[0m
  [4;36;1mSQL (0.001553)[0m   [0;1mCREATE TABLE "schema_migrations" ("version" varchar(255) NOT NULL) [0m
  [4;35;1mSQL (0.002678)[0m   [0mCREATE UNIQUE INDEX "unique_schema_migrations" ON "schema_migrations" ("version")[0m
  [4;36;1mSQL (0.000593)[0m   [0;1m SELECT name
 FROM sqlite_master
 WHERE type = 'table' AND NOT name = 'sqlite_sequence'
[0m
  [4;35;1mSQL (0.000135)[0m   [0mSELECT version FROM "schema_migrations"[0m
  [4;36;1mSQL (0.001772)[0m   [0;1mINSERT INTO "schema_migrations" (version) VALUES ('20081006200711')[0m
  [4;36;1mSQL (0.002044)[0m   [0;1m SELECT name
 FROM sqlite_master
 WHERE type = 'table' AND NOT name = 'sqlite_sequence'
[0m
  [4;35;1mSQL (0.000231)[0m   [0mSELECT version FROM schema_migrations[0m
  [4;36;1mSQL (0.000382)[0m   [0;1mselect sqlite_version(*)[0m
  [4;35;1mSQL (0.000214)[0m   [0m SELECT name
 FROM sqlite_master
 WHERE type = 'table' AND NOT name = 'sqlite_sequence'
[0m
  [4;36;1mSQL (0.003596)[0m   [0;1mCREATE TABLE "articles" ("id" INTEGER PRIMARY KEY AUTOINCREMENT NOT NULL, "title" varchar(255), "body" text, "published" boolean, "created_at" datetime, "updated_at" datetime) [0m
  [4;35;1mSQL (0.000422)[0m   [0m SELECT name
 FROM sqlite_master
 WHERE type = 'table' AND NOT name = 'sqlite_sequence'
[0m
  [4;36;1mSQL (0.002579)[0m   [0;1mCREATE TABLE "schema_migrations" ("version" varchar(255) NOT NULL) [0m
  [4;35;1mSQL (0.002916)[0m   [0mCREATE UNIQUE INDEX "unique_schema_migrations" ON "schema_migrations" ("version")[0m
  [4;36;1mSQL (0.000878)[0m   [0;1m SELECT name
 FROM sqlite_master
 WHERE type = 'table' AND NOT name = 'sqlite_sequence'
[0m
  [4;35;1mSQL (0.000286)[0m   [0mSELECT version FROM "schema_migrations"[0m
  [4;36;1mSQL (0.002848)[0m   [0;1mINSERT INTO "schema_migrations" (version) VALUES ('20081006200711')[0m
  [4;36;1mSQL (0.002171)[0m   [0;1m SELECT name
 FROM sqlite_master
 WHERE type = 'table' AND NOT name = 'sqlite_sequence'
[0m
  [4;35;1mSQL (0.000244)[0m   [0mSELECT version FROM schema_migrations[0m
  [4;36;1mSQL (0.000324)[0m   [0;1mselect sqlite_version(*)[0m
  [4;35;1mSQL (0.000255)[0m   [0m SELECT name
 FROM sqlite_master
 WHERE type = 'table' AND NOT name = 'sqlite_sequence'
[0m
  [4;36;1mSQL (0.003564)[0m   [0;1mCREATE TABLE "articles" ("id" INTEGER PRIMARY KEY AUTOINCREMENT NOT NULL, "title" varchar(255), "body" text, "published" boolean, "created_at" datetime, "updated_at" datetime) [0m
  [4;35;1mSQL (0.000343)[0m   [0m SELECT name
 FROM sqlite_master
 WHERE type = 'table' AND NOT name = 'sqlite_sequence'
[0m
  [4;36;1mSQL (0.001803)[0m   [0;1mCREATE TABLE "schema_migrations" ("version" varchar(255) NOT NULL) [0m
  [4;35;1mSQL (0.002044)[0m   [0mCREATE UNIQUE INDEX "unique_schema_migrations" ON "schema_migrations" ("version")[0m
  [4;36;1mSQL (0.000598)[0m   [0;1m SELECT name
 FROM sqlite_master
 WHERE type = 'table' AND NOT name = 'sqlite_sequence'
[0m
  [4;35;1mSQL (0.000134)[0m   [0mSELECT version FROM "schema_migrations"[0m
  [4;36;1mSQL (0.001840)[0m   [0;1mINSERT INTO "schema_migrations" (version) VALUES ('20081006200711')[0m
  [4;36;1mSQL (0.001970)[0m   [0;1m SELECT name
 FROM sqlite_master
 WHERE type = 'table' AND NOT name = 'sqlite_sequence'
[0m
  [4;35;1mSQL (0.000214)[0m   [0mSELECT version FROM schema_migrations[0m
  [4;36;1mSQL (0.000343)[0m   [0;1mselect sqlite_version(*)[0m
  [4;35;1mSQL (0.000231)[0m   [0m SELECT name
 FROM sqlite_master
 WHERE type = 'table' AND NOT name = 'sqlite_sequence'
[0m
  [4;36;1mSQL (0.003821)[0m   [0;1mCREATE TABLE "articles" ("id" INTEGER PRIMARY KEY AUTOINCREMENT NOT NULL, "title" varchar(255), "body" text, "published" boolean, "created_at" datetime, "updated_at" datetime) [0m
  [4;35;1mSQL (0.000566)[0m   [0m SELECT name
 FROM sqlite_master
 WHERE type = 'table' AND NOT name = 'sqlite_sequence'
[0m
  [4;36;1mSQL (0.001915)[0m   [0;1mCREATE TABLE "schema_migrations" ("version" varchar(255) NOT NULL) [0m
  [4;35;1mSQL (0.002411)[0m   [0mCREATE UNIQUE INDEX "unique_schema_migrations" ON "schema_migrations" ("version")[0m
  [4;36;1mSQL (0.000482)[0m   [0;1m SELECT name
 FROM sqlite_master
 WHERE type = 'table' AND NOT name = 'sqlite_sequence'
[0m
  [4;35;1mSQL (0.000224)[0m   [0mSELECT version FROM "schema_migrations"[0m
  [4;36;1mSQL (0.003130)[0m   [0;1mINSERT INTO "schema_migrations" (version) VALUES ('20081006200711')[0m
  [4;36;1mSQL (0.002611)[0m   [0;1m SELECT name
 FROM sqlite_master
 WHERE type = 'table' AND NOT name = 'sqlite_sequence'
[0m
  [4;35;1mSQL (0.000321)[0m   [0mSELECT version FROM schema_migrations[0m
  [4;36;1mSQL (0.000723)[0m   [0;1mselect sqlite_version(*)[0m
  [4;35;1mSQL (0.000291)[0m   [0m SELECT name
 FROM sqlite_master
 WHERE type = 'table' AND NOT name = 'sqlite_sequence'
[0m
  [4;36;1mSQL (0.003395)[0m   [0;1mCREATE TABLE "articles" ("id" INTEGER PRIMARY KEY AUTOINCREMENT NOT NULL, "title" varchar(255), "body" text, "published" boolean, "created_at" datetime, "updated_at" datetime) [0m
  [4;35;1mSQL (0.000328)[0m   [0m SELECT name
 FROM sqlite_master
 WHERE type = 'table' AND NOT name = 'sqlite_sequence'
[0m
  [4;36;1mSQL (0.001704)[0m   [0;1mCREATE TABLE "schema_migrations" ("version" varchar(255) NOT NULL) [0m
  [4;35;1mSQL (0.001879)[0m   [0mCREATE UNIQUE INDEX "unique_schema_migrations" ON "schema_migrations" ("version")[0m
  [4;36;1mSQL (0.000360)[0m   [0;1m SELECT name
 FROM sqlite_master
 WHERE type = 'table' AND NOT name = 'sqlite_sequence'
[0m
  [4;35;1mSQL (0.000134)[0m   [0mSELECT version FROM "schema_migrations"[0m
  [4;36;1mSQL (0.001676)[0m   [0;1mINSERT INTO "schema_migrations" (version) VALUES ('20081006200711')[0m
  [4;36;1mSQL (0.001922)[0m   [0;1m SELECT name
 FROM sqlite_master
 WHERE type = 'table' AND NOT name = 'sqlite_sequence'
[0m
  [4;35;1mSQL (0.000244)[0m   [0mSELECT version FROM schema_migrations[0m
  [4;36;1mSQL (0.000486)[0m   [0;1mselect sqlite_version(*)[0m
  [4;35;1mSQL (0.000217)[0m   [0m SELECT name
 FROM sqlite_master
 WHERE type = 'table' AND NOT name = 'sqlite_sequence'
[0m
  [4;36;1mSQL (0.003663)[0m   [0;1mCREATE TABLE "articles" ("id" INTEGER PRIMARY KEY AUTOINCREMENT NOT NULL, "title" varchar(255), "body" text, "published" boolean, "created_at" datetime, "updated_at" datetime) [0m
  [4;35;1mSQL (0.000664)[0m   [0m SELECT name
 FROM sqlite_master
 WHERE type = 'table' AND NOT name = 'sqlite_sequence'
[0m
  [4;36;1mSQL (0.002192)[0m   [0;1mCREATE TABLE "schema_migrations" ("version" varchar(255) NOT NULL) [0m
  [4;35;1mSQL (0.002408)[0m   [0mCREATE UNIQUE INDEX "unique_schema_migrations" ON "schema_migrations" ("version")[0m
  [4;36;1mSQL (0.000824)[0m   [0;1m SELECT name
 FROM sqlite_master
 WHERE type = 'table' AND NOT name = 'sqlite_sequence'
[0m
  [4;35;1mSQL (0.000225)[0m   [0mSELECT version FROM "schema_migrations"[0m
  [4;36;1mSQL (0.001802)[0m   [0;1mINSERT INTO "schema_migrations" (version) VALUES ('20081006200711')[0m
  [4;36;1mSQL (0.001982)[0m   [0;1m SELECT name
 FROM sqlite_master
 WHERE type = 'table' AND NOT name = 'sqlite_sequence'
[0m
  [4;35;1mSQL (0.000215)[0m   [0mSELECT version FROM schema_migrations[0m
  [4;36;1mSQL (0.000315)[0m   [0;1mselect sqlite_version(*)[0m
  [4;35;1mSQL (0.000216)[0m   [0m SELECT name
 FROM sqlite_master
 WHERE type = 'table' AND NOT name = 'sqlite_sequence'
[0m
  [4;36;1mSQL (0.003579)[0m   [0;1mCREATE TABLE "articles" ("id" INTEGER PRIMARY KEY AUTOINCREMENT NOT NULL, "title" varchar(255), "body" text, "published" boolean, "created_at" datetime, "updated_at" datetime) [0m
  [4;35;1mSQL (0.000608)[0m   [0m SELECT name
 FROM sqlite_master
 WHERE type = 'table' AND NOT name = 'sqlite_sequence'
[0m
  [4;36;1mSQL (0.002647)[0m   [0;1mCREATE TABLE "schema_migrations" ("version" varchar(255) NOT NULL) [0m
  [4;35;1mSQL (0.003222)[0m   [0mCREATE UNIQUE INDEX "unique_schema_migrations" ON "schema_migrations" ("version")[0m
  [4;36;1mSQL (0.000747)[0m   [0;1m SELECT name
 FROM sqlite_master
 WHERE type = 'table' AND NOT name = 'sqlite_sequence'
[0m
  [4;35;1mSQL (0.000197)[0m   [0mSELECT version FROM "schema_migrations"[0m
  [4;36;1mSQL (0.002418)[0m   [0;1mINSERT INTO "schema_migrations" (version) VALUES ('20081006200711')[0m
  [4;36;1mSQL (0.001919)[0m   [0;1m SELECT name
 FROM sqlite_master
 WHERE type = 'table' AND NOT name = 'sqlite_sequence'
[0m
  [4;35;1mSQL (0.000268)[0m   [0mSELECT version FROM schema_migrations[0m
  [4;36;1mSQL (0.000265)[0m   [0;1mselect sqlite_version(*)[0m
  [4;35;1mSQL (0.000222)[0m   [0m SELECT name
 FROM sqlite_master
 WHERE type = 'table' AND NOT name = 'sqlite_sequence'
[0m
  [4;36;1mSQL (0.003950)[0m   [0;1mCREATE TABLE "articles" ("id" INTEGER PRIMARY KEY AUTOINCREMENT NOT NULL, "title" varchar(255), "body" text, "published" boolean, "created_at" datetime, "updated_at" datetime) [0m
  [4;35;1mSQL (0.000610)[0m   [0m SELECT name
 FROM sqlite_master
 WHERE type = 'table' AND NOT name = 'sqlite_sequence'
[0m
  [4;36;1mSQL (0.002385)[0m   [0;1mCREATE TABLE "schema_migrations" ("version" varchar(255) NOT NULL) [0m
  [4;35;1mSQL (0.003065)[0m   [0mCREATE UNIQUE INDEX "unique_schema_migrations" ON "schema_migrations" ("version")[0m
  [4;36;1mSQL (0.000506)[0m   [0;1m SELECT name
 FROM sqlite_master
 WHERE type = 'table' AND NOT name = 'sqlite_sequence'
[0m
  [4;35;1mSQL (0.000163)[0m   [0mSELECT version FROM "schema_migrations"[0m
  [4;36;1mSQL (0.002597)[0m   [0;1mINSERT INTO "schema_migrations" (version) VALUES ('20081006200711')[0m
  [4;36;1mSQL (0.001964)[0m   [0;1m SELECT name
 FROM sqlite_master
 WHERE type = 'table' AND NOT name = 'sqlite_sequence'
[0m
  [4;35;1mSQL (0.000216)[0m   [0mSELECT version FROM schema_migrations[0m
  [4;36;1mSQL (0.000281)[0m   [0;1mselect sqlite_version(*)[0m
  [4;35;1mSQL (0.000231)[0m   [0m SELECT name
 FROM sqlite_master
 WHERE type = 'table' AND NOT name = 'sqlite_sequence'
[0m
  [4;36;1mSQL (0.002996)[0m   [0;1mCREATE TABLE "articles" ("id" INTEGER PRIMARY KEY AUTOINCREMENT NOT NULL, "title" varchar(255), "body" text, "published" boolean, "created_at" datetime, "updated_at" datetime) [0m
  [4;35;1mSQL (0.000235)[0m   [0m SELECT name
 FROM sqlite_master
 WHERE type = 'table' AND NOT name = 'sqlite_sequence'
[0m
  [4;36;1mSQL (0.002001)[0m   [0;1mCREATE TABLE "schema_migrations" ("version" varchar(255) NOT NULL) [0m
  [4;35;1mSQL (0.002783)[0m   [0mCREATE UNIQUE INDEX "unique_schema_migrations" ON "schema_migrations" ("version")[0m
  [4;36;1mSQL (0.000522)[0m   [0;1m SELECT name
 FROM sqlite_master
 WHERE type = 'table' AND NOT name = 'sqlite_sequence'
[0m
  [4;35;1mSQL (0.000167)[0m   [0mSELECT version FROM "schema_migrations"[0m
  [4;36;1mSQL (0.002324)[0m   [0;1mINSERT INTO "schema_migrations" (version) VALUES ('20081006200711')[0m
  [4;36;1mSQL (0.001929)[0m   [0;1m SELECT name
 FROM sqlite_master
 WHERE type = 'table' AND NOT name = 'sqlite_sequence'
[0m
  [4;35;1mSQL (0.000216)[0m   [0mSELECT version FROM schema_migrations[0m
  [4;36;1mSQL (0.000286)[0m   [0;1mselect sqlite_version(*)[0m
  [4;35;1mSQL (0.000219)[0m   [0m SELECT name
 FROM sqlite_master
 WHERE type = 'table' AND NOT name = 'sqlite_sequence'
[0m
  [4;36;1mSQL (0.003812)[0m   [0;1mCREATE TABLE "articles" ("id" INTEGER PRIMARY KEY AUTOINCREMENT NOT NULL, "title" varchar(255), "body" text, "published" boolean, "created_at" datetime, "updated_at" datetime) [0m
  [4;35;1mSQL (0.000601)[0m   [0m SELECT name
 FROM sqlite_master
 WHERE type = 'table' AND NOT name = 'sqlite_sequence'
[0m
  [4;36;1mSQL (0.002327)[0m   [0;1mCREATE TABLE "schema_migrations" ("version" varchar(255) NOT NULL) [0m
  [4;35;1mSQL (0.002899)[0m   [0mCREATE UNIQUE INDEX "unique_schema_migrations" ON "schema_migrations" ("version")[0m
  [4;36;1mSQL (0.000835)[0m   [0;1m SELECT name
 FROM sqlite_master
 WHERE type = 'table' AND NOT name = 'sqlite_sequence'
[0m
  [4;35;1mSQL (0.000292)[0m   [0mSELECT version FROM "schema_migrations"[0m
  [4;36;1mSQL (0.002806)[0m   [0;1mINSERT INTO "schema_migrations" (version) VALUES ('20081006200711')[0m
  [4;36;1mSQL (0.001988)[0m   [0;1m SELECT name
 FROM sqlite_master
 WHERE type = 'table' AND NOT name = 'sqlite_sequence'
[0m
  [4;35;1mSQL (0.000219)[0m   [0mSELECT version FROM schema_migrations[0m
  [4;36;1mSQL (0.000264)[0m   [0;1mselect sqlite_version(*)[0m
  [4;35;1mSQL (0.000207)[0m   [0m SELECT name
 FROM sqlite_master
 WHERE type = 'table' AND NOT name = 'sqlite_sequence'
[0m
  [4;36;1mSQL (0.003279)[0m   [0;1mCREATE TABLE "articles" ("id" INTEGER PRIMARY KEY AUTOINCREMENT NOT NULL, "title" varchar(255), "body" text, "published" boolean, "created_at" datetime, "updated_at" datetime) [0m
  [4;35;1mSQL (0.000449)[0m   [0m SELECT name
 FROM sqlite_master
 WHERE type = 'table' AND NOT name = 'sqlite_sequence'
[0m
  [4;36;1mSQL (0.002199)[0m   [0;1mCREATE TABLE "schema_migrations" ("version" varchar(255) NOT NULL) [0m
  [4;35;1mSQL (0.002629)[0m   [0mCREATE UNIQUE INDEX "unique_schema_migrations" ON "schema_migrations" ("version")[0m
  [4;36;1mSQL (0.000585)[0m   [0;1m SELECT name
 FROM sqlite_master
 WHERE type = 'table' AND NOT name = 'sqlite_sequence'
[0m
  [4;35;1mSQL (0.000274)[0m   [0mSELECT version FROM "schema_migrations"[0m
  [4;36;1mSQL (0.002217)[0m   [0;1mINSERT INTO "schema_migrations" (version) VALUES ('20081006200711')[0m
  [4;36;1mSQL (0.001937)[0m   [0;1m SELECT name
 FROM sqlite_master
 WHERE type = 'table' AND NOT name = 'sqlite_sequence'
[0m
  [4;35;1mSQL (0.000216)[0m   [0mSELECT version FROM schema_migrations[0m
  [4;36;1mSQL (0.000295)[0m   [0;1mselect sqlite_version(*)[0m
  [4;35;1mSQL (0.000222)[0m   [0m SELECT name
 FROM sqlite_master
 WHERE type = 'table' AND NOT name = 'sqlite_sequence'
[0m
  [4;36;1mSQL (0.003723)[0m   [0;1mCREATE TABLE "articles" ("id" INTEGER PRIMARY KEY AUTOINCREMENT NOT NULL, "title" varchar(255), "body" text, "published" boolean, "created_at" datetime, "updated_at" datetime) [0m
  [4;35;1mSQL (0.000570)[0m   [0m SELECT name
 FROM sqlite_master
 WHERE type = 'table' AND NOT name = 'sqlite_sequence'
[0m
  [4;36;1mSQL (0.002745)[0m   [0;1mCREATE TABLE "schema_migrations" ("version" varchar(255) NOT NULL) [0m
  [4;35;1mSQL (0.003148)[0m   [0mCREATE UNIQUE INDEX "unique_schema_migrations" ON "schema_migrations" ("version")[0m
  [4;36;1mSQL (0.000713)[0m   [0;1m SELECT name
 FROM sqlite_master
 WHERE type = 'table' AND NOT name = 'sqlite_sequence'
[0m
  [4;35;1mSQL (0.000189)[0m   [0mSELECT version FROM "schema_migrations"[0m
  [4;36;1mSQL (0.002777)[0m   [0;1mINSERT INTO "schema_migrations" (version) VALUES ('20081006200711')[0m
  [4;36;1mSQL (0.002040)[0m   [0;1m SELECT name
 FROM sqlite_master
 WHERE type = 'table' AND NOT name = 'sqlite_sequence'
[0m
  [4;35;1mSQL (0.000217)[0m   [0mSELECT version FROM schema_migrations[0m
  [4;36;1mSQL (0.000326)[0m   [0;1mselect sqlite_version(*)[0m
  [4;35;1mSQL (0.000217)[0m   [0m SELECT name
 FROM sqlite_master
 WHERE type = 'table' AND NOT name = 'sqlite_sequence'
[0m
  [4;36;1mSQL (0.003797)[0m   [0;1mCREATE TABLE "articles" ("id" INTEGER PRIMARY KEY AUTOINCREMENT NOT NULL, "title" varchar(255), "body" text, "published" boolean, "created_at" datetime, "updated_at" datetime) [0m
  [4;35;1mSQL (0.000588)[0m   [0m SELECT name
 FROM sqlite_master
 WHERE type = 'table' AND NOT name = 'sqlite_sequence'
[0m
  [4;36;1mSQL (0.002023)[0m   [0;1mCREATE TABLE "schema_migrations" ("version" varchar(255) NOT NULL) [0m
  [4;35;1mSQL (0.002569)[0m   [0mCREATE UNIQUE INDEX "unique_schema_migrations" ON "schema_migrations" ("version")[0m
  [4;36;1mSQL (0.000562)[0m   [0;1m SELECT name
 FROM sqlite_master
 WHERE type = 'table' AND NOT name = 'sqlite_sequence'
[0m
  [4;35;1mSQL (0.000163)[0m   [0mSELECT version FROM "schema_migrations"[0m
  [4;36;1mSQL (0.002296)[0m   [0;1mINSERT INTO "schema_migrations" (version) VALUES ('20081006200711')[0m
  [4;36;1mSQL (0.002122)[0m   [0;1m SELECT name
 FROM sqlite_master
 WHERE type = 'table' AND NOT name = 'sqlite_sequence'
[0m
  [4;35;1mSQL (0.000235)[0m   [0mSELECT version FROM schema_migrations[0m
  [4;36;1mSQL (0.000260)[0m   [0;1mselect sqlite_version(*)[0m
  [4;35;1mSQL (0.000220)[0m   [0m SELECT name
 FROM sqlite_master
 WHERE type = 'table' AND NOT name = 'sqlite_sequence'
[0m
  [4;36;1mSQL (0.004107)[0m   [0;1mCREATE TABLE "articles" ("id" INTEGER PRIMARY KEY AUTOINCREMENT NOT NULL, "title" varchar(255), "body" text, "published" boolean, "created_at" datetime, "updated_at" datetime) [0m
  [4;35;1mSQL (0.000428)[0m   [0m SELECT name
 FROM sqlite_master
 WHERE type = 'table' AND NOT name = 'sqlite_sequence'
[0m
  [4;36;1mSQL (0.001760)[0m   [0;1mCREATE TABLE "schema_migrations" ("version" varchar(255) NOT NULL) [0m
  [4;35;1mSQL (0.002821)[0m   [0mCREATE UNIQUE INDEX "unique_schema_migrations" ON "schema_migrations" ("version")[0m
  [4;36;1mSQL (0.000305)[0m   [0;1m SELECT name
 FROM sqlite_master
 WHERE type = 'table' AND NOT name = 'sqlite_sequence'
[0m
  [4;35;1mSQL (0.000129)[0m   [0mSELECT version FROM "schema_migrations"[0m
  [4;36;1mSQL (0.003257)[0m   [0;1mINSERT INTO "schema_migrations" (version) VALUES ('20081006200711')[0m
  [4;36;1mSQL (0.002061)[0m   [0;1m SELECT name
 FROM sqlite_master
 WHERE type = 'table' AND NOT name = 'sqlite_sequence'
[0m
  [4;35;1mSQL (0.000219)[0m   [0mSELECT version FROM schema_migrations[0m
  [4;36;1mSQL (0.000282)[0m   [0;1mselect sqlite_version(*)[0m
  [4;35;1mSQL (0.000211)[0m   [0m SELECT name
 FROM sqlite_master
 WHERE type = 'table' AND NOT name = 'sqlite_sequence'
[0m
  [4;36;1mSQL (0.004301)[0m   [0;1mCREATE TABLE "articles" ("id" INTEGER PRIMARY KEY AUTOINCREMENT NOT NULL, "title" varchar(255), "body" text, "published" boolean, "created_at" datetime, "updated_at" datetime) [0m
  [4;35;1mSQL (0.000417)[0m   [0m SELECT name
 FROM sqlite_master
 WHERE type = 'table' AND NOT name = 'sqlite_sequence'
[0m
  [4;36;1mSQL (0.002102)[0m   [0;1mCREATE TABLE "schema_migrations" ("version" varchar(255) NOT NULL) [0m
  [4;35;1mSQL (0.002710)[0m   [0mCREATE UNIQUE INDEX "unique_schema_migrations" ON "schema_migrations" ("version")[0m
  [4;36;1mSQL (0.000666)[0m   [0;1m SELECT name
 FROM sqlite_master
 WHERE type = 'table' AND NOT name = 'sqlite_sequence'
[0m
  [4;35;1mSQL (0.000187)[0m   [0mSELECT version FROM "schema_migrations"[0m
  [4;36;1mSQL (0.002414)[0m   [0;1mINSERT INTO "schema_migrations" (version) VALUES ('20081006200711')[0m
  [4;36;1mSQL (0.002005)[0m   [0;1m SELECT name
 FROM sqlite_master
 WHERE type = 'table' AND NOT name = 'sqlite_sequence'
[0m
  [4;35;1mSQL (0.000217)[0m   [0mSELECT version FROM schema_migrations[0m
  [4;36;1mSQL (0.000264)[0m   [0;1mselect sqlite_version(*)[0m
  [4;35;1mSQL (0.000208)[0m   [0m SELECT name
 FROM sqlite_master
 WHERE type = 'table' AND NOT name = 'sqlite_sequence'
[0m
  [4;36;1mSQL (0.004434)[0m   [0;1mCREATE TABLE "articles" ("id" INTEGER PRIMARY KEY AUTOINCREMENT NOT NULL, "title" varchar(255), "body" text, "published" boolean, "created_at" datetime, "updated_at" datetime) [0m
  [4;35;1mSQL (0.000586)[0m   [0m SELECT name
 FROM sqlite_master
 WHERE type = 'table' AND NOT name = 'sqlite_sequence'
[0m
  [4;36;1mSQL (0.002773)[0m   [0;1mCREATE TABLE "schema_migrations" ("version" varchar(255) NOT NULL) [0m
  [4;35;1mSQL (0.003367)[0m   [0mCREATE UNIQUE INDEX "unique_schema_migrations" ON "schema_migrations" ("version")[0m
  [4;36;1mSQL (0.000759)[0m   [0;1m SELECT name
 FROM sqlite_master
 WHERE type = 'table' AND NOT name = 'sqlite_sequence'
[0m
  [4;35;1mSQL (0.000191)[0m   [0mSELECT version FROM "schema_migrations"[0m
  [4;36;1mSQL (0.003155)[0m   [0;1mINSERT INTO "schema_migrations" (version) VALUES ('20081006200711')[0m
